#
# There is insufficient memory for the Java Runtime Environment to continue.
# Native memory allocation (malloc) failed to allocate 1048576 bytes. Error detail: AllocateHeap
# Possible reasons:
#   The system is out of physical RAM or swap space
#   This process is running with CompressedOops enabled, and the Java Heap may be blocking the growth of the native heap
# Possible solutions:
#   Reduce memory load on the system
#   Increase physical memory or swap space
#   Check if swap backing store is full
#   Decrease Java heap size (-Xmx/-Xms)
#   Decrease number of Java threads
#   Decrease Java thread stack sizes (-Xss)
#   Set larger code cache with -XX:ReservedCodeCacheSize=
#   JVM is running with Unscaled Compressed Oops mode in which the Java heap is
#     placed in the first 4GB address space. The Java Heap base address is the
#     maximum limit for the native heap growth. Please use -XX:HeapBaseMinAddress
#     to set the Java Heap base and to place the Java Heap above 4GB virtual address.
# This output file may be truncated or incomplete.
#
#  Out of Memory Error (allocation.cpp:44), pid=8856, tid=17056
#
# JRE version: OpenJDK Runtime Environment Temurin-21.0.10+7 (21.0.10+7) (build 21.0.10+7-LTS)
# Java VM: OpenJDK 64-Bit Server VM Temurin-21.0.10+7 (21.0.10+7-LTS, mixed mode, sharing, tiered, compressed oops, compressed class ptrs, parallel gc, windows-amd64)
# No core dump will be written. Minidumps are not enabled by default on client versions of Windows
#

---------------  S U M M A R Y ------------

Command Line: --add-modules=ALL-SYSTEM --add-opens=java.base/java.util=ALL-UNNAMED --add-opens=java.base/java.lang=ALL-UNNAMED --add-opens=java.base/sun.nio.fs=ALL-UNNAMED -Declipse.application=org.eclipse.jdt.ls.core.id1 -Dosgi.bundles.defaultStartLevel=4 -Declipse.product=org.eclipse.jdt.ls.core.product -Djava.import.generatesMetadataFilesAtProjectRoot=false -DDetectVMInstallationsJob.disabled=true -Dfile.encoding=utf8 -XX:+UseParallelGC -XX:GCTimeRatio=4 -XX:AdaptiveSizePolicyWeight=90 -Dsun.zip.disableMemoryMapping=true -Xmx2G -Xms100m -Xlog:disable -javaagent:c:\Users\obasi\.vscode\extensions\redhat.java-1.54.0-win32-x64\lombok\lombok-1.18.39-4050.jar -XX:+HeapDumpOnOutOfMemoryError -XX:HeapDumpPath=c:\Users\obasi\AppData\Roaming\Code\User\workspaceStorage\97da0fc8d5437ef1b49163d3a763b376\redhat.java -Daether.dependencyCollector.impl=bf c:\Users\obasi\.vscode\extensions\redhat.java-1.54.0-win32-x64\server\plugins\org.eclipse.equinox.launcher_1.7.100.v20251111-0406.jar -configuration c:\Users\obasi\AppData\Roaming\Code\User\globalStorage\redhat.java\1.54.0\config_win -data c:\Users\obasi\AppData\Roaming\Code\User\workspaceStorage\97da0fc8d5437ef1b49163d3a763b376\redhat.java\jdt_ws --pipe=\\.\pipe\lsp-da9819430479671d1bdee412c5b6790b-sock

Host: AMD Ryzen 5 3450U with Radeon Vega Mobile Gfx  , 8 cores, 5G,  Windows 11 , 64 bit Build 26100 (10.0.26100.8521)
Time: Tue Jun 16 18:37:34 2026 Hora est. Sudamérica Pacífico elapsed time: 3947.796854 seconds (0d 1h 5m 47s)

---------------  T H R E A D  ---------------

Current thread (0x0000021a2eb878a0):  JavaThread "Attach Listener" daemon [_thread_in_vm, id=17056, stack(0x0000004daf900000,0x0000004dafa00000) (1024K)]

Stack: [0x0000004daf900000,0x0000004dafa00000]
Native frames: (J=compiled Java code, j=interpreted, Vv=VM code, C=native code)
V  [jvm.dll+0x6d7a39]
V  [jvm.dll+0x8b4b26]
V  [jvm.dll+0x8b70de]
V  [jvm.dll+0x8b77c3]
V  [jvm.dll+0x284346]
V  [jvm.dll+0xc1277]
V  [jvm.dll+0x6d82e9]
V  [jvm.dll+0x1334a6]
V  [jvm.dll+0x3f857e]
V  [jvm.dll+0x85f59d]
V  [jvm.dll+0x6d626d]
C  [ucrtbase.dll+0x2cd30]
C  [KERNEL32.DLL+0x2e957]
C  [ntdll.dll+0x87c1c]


---------------  P R O C E S S  ---------------

Threads class SMR info:
_java_thread_list=0x0000021a901b3850, length=61, elements={
0x0000021a2c88a050, 0x0000021a2eccbc80, 0x0000021a2eb84730, 0x0000021a2eb86c40,
0x0000021a2eb878a0, 0x0000021a2eb8d8c0, 0x0000021a2eb8e450, 0x0000021a2eb8f290,
0x0000021a8c043710, 0x0000021a8c1eb330, 0x0000021a8c248900, 0x0000021a8cd24ff0,
0x0000021a8ce51bf0, 0x0000021a8c4ceeb0, 0x0000021a8c4ca360, 0x0000021a8cdbe9a0,
0x0000021a8cb0c7d0, 0x0000021a8d0d8ec0, 0x0000021a8ce0e8f0, 0x0000021a8ce0fca0,
0x0000021a8ce0dbd0, 0x0000021a8c693f00, 0x0000021a8c694590, 0x0000021a8c693870,
0x0000021a8c695fd0, 0x0000021a8c694c20, 0x0000021a8c6952b0, 0x0000021a8c692b50,
0x0000021a8c695940, 0x0000021a8c696660, 0x0000021a8c698dc0, 0x0000021a8c699450,
0x0000021a920efd50, 0x0000021a90cba6e0, 0x0000021a90cbad70, 0x0000021a90cbb400,
0x0000021a929aac70, 0x0000021a929ab300, 0x0000021a929ab990, 0x0000021a90fb55d0,
0x0000021a90fb83c0, 0x0000021a90fb9770, 0x0000021a90fbb1b0, 0x0000021a90cbc120,
0x0000021a90cb9330, 0x0000021a9016e380, 0x0000021a9016c940, 0x0000021a9016ea10,
0x0000021a9016f0a0, 0x0000021a9305aff0, 0x0000021a9305eb00, 0x0000021a90fb90e0,
0x0000021a90fb9e00, 0x0000021a90fbb840, 0x0000021a90cb7260, 0x0000021a90cb5eb0,
0x0000021a9305b680, 0x0000021a9305a960, 0x0000021a9305d750, 0x0000021a9305dde0,
0x0000021a90fb48b0
}

Java Threads: ( => current thread )
  0x0000021a2c88a050 JavaThread "main"                              [_thread_blocked, id=15872, stack(0x0000004daf200000,0x0000004daf300000) (1024K)]
  0x0000021a2eccbc80 JavaThread "Reference Handler"          daemon [_thread_blocked, id=7216, stack(0x0000004daf600000,0x0000004daf700000) (1024K)]
  0x0000021a2eb84730 JavaThread "Finalizer"                  daemon [_thread_blocked, id=18768, stack(0x0000004daf700000,0x0000004daf800000) (1024K)]
  0x0000021a2eb86c40 JavaThread "Signal Dispatcher"          daemon [_thread_blocked, id=17808, stack(0x0000004daf800000,0x0000004daf900000) (1024K)]
=>0x0000021a2eb878a0 JavaThread "Attach Listener"            daemon [_thread_in_vm, id=17056, stack(0x0000004daf900000,0x0000004dafa00000) (1024K)]
  0x0000021a2eb8d8c0 JavaThread "Service Thread"             daemon [_thread_blocked, id=7404, stack(0x0000004dafa00000,0x0000004dafb00000) (1024K)]
  0x0000021a2eb8e450 JavaThread "Monitor Deflation Thread"   daemon [_thread_blocked, id=14052, stack(0x0000004dafb00000,0x0000004dafc00000) (1024K)]
  0x0000021a2eb8f290 JavaThread "C2 CompilerThread0"         daemon [_thread_blocked, id=12472, stack(0x0000004dafc00000,0x0000004dafd00000) (1024K)]
  0x0000021a8c043710 JavaThread "C1 CompilerThread0"         daemon [_thread_blocked, id=15844, stack(0x0000004dafd00000,0x0000004dafe00000) (1024K)]
  0x0000021a8c1eb330 JavaThread "Common-Cleaner"             daemon [_thread_blocked, id=22400, stack(0x0000004dafe00000,0x0000004daff00000) (1024K)]
  0x0000021a8c248900 JavaThread "Notification Thread"        daemon [_thread_blocked, id=15028, stack(0x0000004daff00000,0x0000004db0000000) (1024K)]
  0x0000021a8cd24ff0 JavaThread "Active Thread: Equinox Container: 5a5dbdec-86e5-4cb2-a168-b5548b3ae7ae"        [_thread_blocked, id=18164, stack(0x0000004db0000000,0x0000004db0100000) (1024K)]
  0x0000021a8ce51bf0 JavaThread "Refresh Thread: Equinox Container: 5a5dbdec-86e5-4cb2-a168-b5548b3ae7ae" daemon [_thread_blocked, id=5232, stack(0x0000004db0800000,0x0000004db0900000) (1024K)]
  0x0000021a8c4ceeb0 JavaThread "Framework Event Dispatcher: Equinox Container: 5a5dbdec-86e5-4cb2-a168-b5548b3ae7ae" daemon [_thread_blocked, id=20828, stack(0x0000004db0900000,0x0000004db0a00000) (1024K)]
  0x0000021a8c4ca360 JavaThread "Start Level: Equinox Container: 5a5dbdec-86e5-4cb2-a168-b5548b3ae7ae" daemon [_thread_blocked, id=18656, stack(0x0000004db0a00000,0x0000004db0b00000) (1024K)]
  0x0000021a8cdbe9a0 JavaThread "Bundle File Closer"         daemon [_thread_blocked, id=21432, stack(0x0000004db0c00000,0x0000004db0d00000) (1024K)]
  0x0000021a8cb0c7d0 JavaThread "SCR Component Actor"        daemon [_thread_blocked, id=4336, stack(0x0000004db0b00000,0x0000004db0c00000) (1024K)]
  0x0000021a8d0d8ec0 JavaThread "Worker-JM"                         [_thread_blocked, id=2784, stack(0x0000004db0d00000,0x0000004db0e00000) (1024K)]
  0x0000021a8ce0e8f0 JavaThread "JNA Cleaner"                daemon [_thread_blocked, id=20872, stack(0x0000004db0e00000,0x0000004db0f00000) (1024K)]
  0x0000021a8ce0fca0 JavaThread "Java indexing"              daemon [_thread_blocked, id=24000, stack(0x0000004db1200000,0x0000004db1300000) (1024K)]
  0x0000021a8ce0dbd0 JavaThread "Thread-1"                   daemon [_thread_in_native, id=23028, stack(0x0000004db1800000,0x0000004db1900000) (1024K)]
  0x0000021a8c693f00 JavaThread "Thread-2"                   daemon [_thread_in_native, id=3536, stack(0x0000004db1900000,0x0000004db1a00000) (1024K)]
  0x0000021a8c694590 JavaThread "Thread-3"                   daemon [_thread_in_native, id=24124, stack(0x0000004db1a00000,0x0000004db1b00000) (1024K)]
  0x0000021a8c693870 JavaThread "Thread-4"                   daemon [_thread_in_native, id=17852, stack(0x0000004db1b00000,0x0000004db1c00000) (1024K)]
  0x0000021a8c695fd0 JavaThread "Thread-5"                   daemon [_thread_in_native, id=20244, stack(0x0000004db1c00000,0x0000004db1d00000) (1024K)]
  0x0000021a8c694c20 JavaThread "Thread-6"                   daemon [_thread_in_native, id=23036, stack(0x0000004db1d00000,0x0000004db1e00000) (1024K)]
  0x0000021a8c6952b0 JavaThread "Thread-7"                   daemon [_thread_in_native, id=20544, stack(0x0000004db1e00000,0x0000004db1f00000) (1024K)]
  0x0000021a8c692b50 JavaThread "Thread-8"                   daemon [_thread_in_native, id=18540, stack(0x0000004db1f00000,0x0000004db2000000) (1024K)]
  0x0000021a8c695940 JavaThread "Thread-9"                   daemon [_thread_in_native, id=11172, stack(0x0000004db2000000,0x0000004db2100000) (1024K)]
  0x0000021a8c696660 JavaThread "pool-2-thread-1"                   [_thread_blocked, id=6624, stack(0x0000004db2100000,0x0000004db2200000) (1024K)]
  0x0000021a8c698dc0 JavaThread "WorkspaceEventsHandler"            [_thread_blocked, id=19996, stack(0x0000004db2200000,0x0000004db2300000) (1024K)]
  0x0000021a8c699450 JavaThread "pool-1-thread-1"                   [_thread_blocked, id=22624, stack(0x0000004db2300000,0x0000004db2400000) (1024K)]
  0x0000021a920efd50 JavaThread "Cleaner-0"                  daemon [_thread_blocked, id=18748, stack(0x0000004db2f00000,0x0000004db3000000) (1024K)]
  0x0000021a90cba6e0 JavaThread "Compiler Source File Reader" daemon [_thread_blocked, id=3480, stack(0x0000004db2a00000,0x0000004db2b00000) (1024K)]
  0x0000021a90cbad70 JavaThread "Compiler Source File Reader" daemon [_thread_blocked, id=21304, stack(0x0000004db2b00000,0x0000004db2c00000) (1024K)]
  0x0000021a90cbb400 JavaThread "Compiler Source File Reader" daemon [_thread_blocked, id=14076, stack(0x0000004db2c00000,0x0000004db2d00000) (1024K)]
  0x0000021a929aac70 JavaThread "Compiler Source File Reader" daemon [_thread_blocked, id=9392, stack(0x0000004db2d00000,0x0000004db2e00000) (1024K)]
  0x0000021a929ab300 JavaThread "Compiler Source File Reader" daemon [_thread_blocked, id=3584, stack(0x0000004db2e00000,0x0000004db2f00000) (1024K)]
  0x0000021a929ab990 JavaThread "Compiler Source File Reader" daemon [_thread_blocked, id=23848, stack(0x0000004db3100000,0x0000004db3200000) (1024K)]
  0x0000021a90fb55d0 JavaThread "ForkJoinPool.commonPool-worker-23" daemon [_thread_blocked, id=20232, stack(0x0000004db0f00000,0x0000004db1000000) (1024K)]
  0x0000021a90fb83c0 JavaThread "ForkJoinPool.commonPool-worker-24" daemon [_thread_blocked, id=2460, stack(0x0000004db1000000,0x0000004db1100000) (1024K)]
  0x0000021a90fb9770 JavaThread "ForkJoinPool.commonPool-worker-26" daemon [_thread_blocked, id=20300, stack(0x0000004db2800000,0x0000004db2900000) (1024K)]
  0x0000021a90fbb1b0 JavaThread "LocalFile Deleter"          daemon [_thread_blocked, id=10108, stack(0x0000004db2500000,0x0000004db2600000) (1024K)]
  0x0000021a90cbc120 JavaThread "Compiler Class File Writer" daemon [_thread_blocked, id=1964, stack(0x0000004db3800000,0x0000004db3900000) (1024K)]
  0x0000021a90cb9330 JavaThread "Compiler Class File Writer" daemon [_thread_blocked, id=22904, stack(0x0000004db3900000,0x0000004db3a00000) (1024K)]
  0x0000021a9016e380 JavaThread "Compiler Class File Writer" daemon [_thread_blocked, id=11368, stack(0x0000004db3a00000,0x0000004db3b00000) (1024K)]
  0x0000021a9016c940 JavaThread "Compiler Class File Writer" daemon [_thread_blocked, id=18880, stack(0x0000004db3b00000,0x0000004db3c00000) (1024K)]
  0x0000021a9016ea10 JavaThread "Compiler Class File Writer" daemon [_thread_blocked, id=22040, stack(0x0000004db3c00000,0x0000004db3d00000) (1024K)]
  0x0000021a9016f0a0 JavaThread "Compiler Class File Writer" daemon [_thread_blocked, id=8588, stack(0x0000004db3d00000,0x0000004db3e00000) (1024K)]
  0x0000021a9305aff0 JavaThread "ForkJoinPool.commonPool-worker-27" daemon [_thread_blocked, id=14340, stack(0x0000004db1300000,0x0000004db1400000) (1024K)]
  0x0000021a9305eb00 JavaThread "ForkJoinPool.commonPool-worker-28" daemon [_thread_blocked, id=23996, stack(0x0000004db1400000,0x0000004db1500000) (1024K)]
  0x0000021a90fb90e0 JavaThread "LocalFile Deleter"          daemon [_thread_blocked, id=12724, stack(0x0000004db2700000,0x0000004db2800000) (1024K)]
  0x0000021a90fb9e00 JavaThread "ForkJoinPool.commonPool-worker-29" daemon [_thread_blocked, id=18836, stack(0x0000004db3300000,0x0000004db3400000) (1024K)]
  0x0000021a90fbb840 JavaThread "Worker-71"                         [_thread_blocked, id=19096, stack(0x0000004db2600000,0x0000004db2700000) (1024K)]
  0x0000021a90cb7260 JavaThread "LocalFile Deleter"          daemon [_thread_blocked, id=24312, stack(0x0000004db1500000,0x0000004db1600000) (1024K)]
  0x0000021a90cb5eb0 JavaThread "LocalFile Deleter"          daemon [_thread_blocked, id=17356, stack(0x0000004db2400000,0x0000004db2500000) (1024K)]
  0x0000021a9305b680 JavaThread "Worker-81"                         [_thread_blocked, id=20468, stack(0x0000004db3200000,0x0000004db3300000) (1024K)]
  0x0000021a9305a960 JavaThread "Worker-83"                         [_thread_blocked, id=22936, stack(0x0000004daf100000,0x0000004daf200000) (1024K)]
  0x0000021a9305d750 JavaThread "LocalFile Deleter"          daemon [_thread_blocked, id=22128, stack(0x0000004db2900000,0x0000004db2a00000) (1024K)]
  0x0000021a9305dde0 JavaThread "LocalFile Deleter"          daemon [_thread_blocked, id=22372, stack(0x0000004db3000000,0x0000004db3100000) (1024K)]
  0x0000021a90fb48b0 JavaThread "ForkJoinPool.commonPool-worker-31" daemon [_thread_blocked, id=22036, stack(0x0000004daf000000,0x0000004daf100000) (1024K)]
Total: 61

Other Threads:
  0x0000021a2ecb0ac0 VMThread "VM Thread"                           [id=17432, stack(0x0000004daf500000,0x0000004daf600000) (1024K)]
  0x0000021a2ea9ba00 WatcherThread "VM Periodic Task Thread"        [id=13228, stack(0x0000004daf400000,0x0000004daf500000) (1024K)]
  0x0000021a2ec2d480 WorkerThread "GC Thread#0"                     [id=22752, stack(0x0000004daf300000,0x0000004daf400000) (1024K)]
  0x0000021a8c85f390 WorkerThread "GC Thread#1"                     [id=8592, stack(0x0000004db0100000,0x0000004db0200000) (1024K)]
  0x0000021a8c3d6530 WorkerThread "GC Thread#2"                     [id=14744, stack(0x0000004db0200000,0x0000004db0300000) (1024K)]
  0x0000021a8c3d68e0 WorkerThread "GC Thread#3"                     [id=15436, stack(0x0000004db0300000,0x0000004db0400000) (1024K)]
  0x0000021a8c3d6c90 WorkerThread "GC Thread#4"                     [id=5036, stack(0x0000004db0400000,0x0000004db0500000) (1024K)]
  0x0000021a8c3db1f0 WorkerThread "GC Thread#5"                     [id=9668, stack(0x0000004db0500000,0x0000004db0600000) (1024K)]
  0x0000021a8c3db5a0 WorkerThread "GC Thread#6"                     [id=6372, stack(0x0000004db0600000,0x0000004db0700000) (1024K)]
  0x0000021a2eb95020 WorkerThread "GC Thread#7"                     [id=12844, stack(0x0000004db0700000,0x0000004db0800000) (1024K)]
Total: 10

Threads with active compile tasks:
Total: 0

VM state: not at safepoint (normal execution)

VM Mutex/Monitor currently owned by a thread: None

Heap address: 0x0000000080000000, size: 2048 MB, Compressed Oops mode: 32-bit

CDS archive(s) mapped at: [0x0000021a46000000-0x0000021a46ba0000-0x0000021a46ba0000), size 12189696, SharedBaseAddress: 0x0000021a46000000, ArchiveRelocationMode: 1.
Compressed class space mapped at: 0x0000021a47000000-0x0000021a87000000, reserved size: 1073741824
Narrow klass base: 0x0000021a46000000, Narrow klass shift: 0, Narrow klass range: 0x100000000

GC Precious Log:
 CardTable entry size: 512
 CPUs: 8 total, 8 available
 Memory: 6030M
 Large Page Support: Disabled
 NUMA Support: Disabled
 Compressed Oops: Enabled (32-bit)
 Alignments: Space 512K, Generation 512K, Heap 2M
 Heap Min Capacity: 100M
 Heap Initial Capacity: 100M
 Heap Max Capacity: 2G
 Pre-touch: Disabled
 Parallel Workers: 8

Heap:
 PSYoungGen      total 8704K, used 2131K [0x00000000d5580000, 0x00000000d5f00000, 0x0000000100000000)
  eden space 7680K, 17% used [0x00000000d5580000,0x00000000d56d4c90,0x00000000d5d00000)
  from space 1024K, 75% used [0x00000000d5d00000,0x00000000d5dc0000,0x00000000d5e00000)
  to   space 1024K, 0% used [0x00000000d5e00000,0x00000000d5e00000,0x00000000d5f00000)
 ParOldGen       total 1320448K, used 1320294K [0x0000000080000000, 0x00000000d0980000, 0x00000000d5580000)
  object space 1320448K, 99% used [0x0000000080000000,0x00000000d0959918,0x00000000d0980000)
 Metaspace       used 114040K, committed 116480K, reserved 1179648K
  class space    used 11327K, committed 12608K, reserved 1048576K

Card table byte_map: [0x0000021a2e5b0000,0x0000021a2e9c0000] _byte_map_base: 0x0000021a2e1b0000

Marking Bits: (ParMarkBitMap*) 0x00007ff921e03450
 Begin Bits: [0x0000021a410c0000, 0x0000021a430c0000)
 End Bits:   [0x0000021a430c0000, 0x0000021a450c0000)

Polling page: 0x0000021a2ca10000

Metaspace:

Usage:
  Non-class:    100.31 MB used.
      Class:     11.06 MB used.
       Both:    111.37 MB used.

Virtual space:
  Non-class space:      128.00 MB reserved,     101.44 MB ( 79%) committed,  2 nodes.
      Class space:        1.00 GB reserved,      12.31 MB (  1%) committed,  1 nodes.
             Both:        1.12 GB reserved,     113.75 MB ( 10%) committed. 

Chunk freelists:
   Non-Class:  10.29 MB
       Class:  3.82 MB
        Both:  14.11 MB

MaxMetaspaceSize: unlimited
CompressedClassSpaceSize: 1.00 GB
Initial GC threshold: 21.00 MB
Current GC threshold: 188.69 MB
CDS: on
 - commit_granule_bytes: 65536.
 - commit_granule_words: 8192.
 - virtual_space_node_default_size: 8388608.
 - enlarge_chunks_in_place: 1.
 - use_allocation_guard: 0.


Internal statistics:

num_allocs_failed_limit: 9.
num_arena_births: 2300.
num_arena_deaths: 488.
num_vsnodes_births: 3.
num_vsnodes_deaths: 0.
num_space_committed: 1883.
num_space_uncommitted: 39.
num_chunks_returned_to_freelist: 886.
num_chunks_taken_from_freelist: 8720.
num_chunk_merges: 226.
num_chunk_splits: 5071.
num_chunks_enlarged: 2908.
num_inconsistent_stats: 0.

CodeHeap 'non-profiled nmethods': size=120000Kb used=30925Kb max_used=34125Kb free=89075Kb
 bounds [0x0000021a398e0000, 0x0000021a3ba40000, 0x0000021a40e10000]
CodeHeap 'profiled nmethods': size=120000Kb used=42899Kb max_used=55787Kb free=77100Kb
 bounds [0x0000021a31e10000, 0x0000021a354a0000, 0x0000021a39340000]
CodeHeap 'non-nmethods': size=5760Kb used=1559Kb max_used=1626Kb free=4200Kb
 bounds [0x0000021a39340000, 0x0000021a395b0000, 0x0000021a398e0000]
CodeCache: size=245760Kb, used=75383Kb, max_used=91538Kb, free=170375Kb
 total_blobs=19962, nmethods=19078, adapters=783, full_count=0
Compilation: enabled, stopped_count=0, restarted_count=0

Compilation events (20 events):
Event: 3940.474 Thread 0x0000021a8c043710 37671       3       com.google.gson.JsonElement::getAsJsonArray (39 bytes)
Event: 3940.476 Thread 0x0000021a8c043710 nmethod 37671 0x0000021a336e1e10 code [0x0000021a336e2080, 0x0000021a336e2aa0]
Event: 3941.285 Thread 0x0000021a8ceb7730 37672       4       org.eclipse.jdt.internal.core.SourceType::isRecord (23 bytes)
Event: 3941.364 Thread 0x0000021a8c043710 37674       3       org.eclipse.jdt.core.dom.ASTParser::rootNodeToCompilationUnit (279 bytes)
Event: 3941.379 Thread 0x0000021a2eb8f290 37673       4       org.eclipse.jdt.core.dom.PrimitiveType::internalAnnotationsProperty (4 bytes)
Event: 3941.380 Thread 0x0000021a2eb8f290 nmethod 37673 0x0000021a3a7e2410 code [0x0000021a3a7e25a0, 0x0000021a3a7e2630]
Event: 3941.589 Thread 0x0000021a8ceb7730 nmethod 37672 0x0000021a3b42cb10 code [0x0000021a3b42cd80, 0x0000021a3b42d4b8]
Event: 3942.160 Thread 0x0000021a8c043710 nmethod 37674 0x0000021a337aac10 code [0x0000021a337ab100, 0x0000021a337ad948]
Event: 3942.161 Thread 0x0000021a8c043710 37675       3       org.eclipse.jdt.internal.core.util.CodeSnippetParsingUtil::parseClassBodyDeclarations (166 bytes)
Event: 3942.756 Thread 0x0000021a8c043710 nmethod 37675 0x0000021a33a48f90 code [0x0000021a33a49260, 0x0000021a33a4a3d0]
Event: 3946.882 Thread 0x0000021a2eb8f290 37677       4       org.eclipse.jdt.internal.compiler.lookup.MethodScope::checkAndSetModifiersForMethod (713 bytes)
Event: 3947.018 Thread 0x0000021a8c043710 37678       3       java.lang.RuntimeException::<init> (6 bytes)
Event: 3947.018 Thread 0x0000021a8c043710 nmethod 37678 0x0000021a34571790 code [0x0000021a34571940, 0x0000021a34571ad8]
Event: 3947.108 Thread 0x0000021a2eb8f290 nmethod 37677 0x0000021a3b41c910 code [0x0000021a3b41cb20, 0x0000021a3b41d260]
Event: 3947.217 Thread 0x0000021a2eb8f290 37679       4       lombok.eclipse.handlers.HandleGetter::generateGetterForType (92 bytes)
Event: 3947.228 Thread 0x0000021a8c043710 37680       3       org.eclipse.jdt.internal.compiler.lookup.FieldBinding::<init> (19 bytes)
Event: 3947.230 Thread 0x0000021a8c043710 nmethod 37680 0x0000021a345b9a10 code [0x0000021a345b9bc0, 0x0000021a345b9d48]
Event: 3947.311 Thread 0x0000021a2eb8f290 nmethod 37679 0x0000021a3a873290 code [0x0000021a3a873580, 0x0000021a3a874890]
Event: 3947.702 Thread 0x0000021a2eb8f290 37681       4       org.eclipse.core.internal.resources.MarkerInfo::shareStrings (21 bytes)
Event: 3947.724 Thread 0x0000021a2eb8f290 nmethod 37681 0x0000021a3b430d10 code [0x0000021a3b430f00, 0x0000021a3b4315a0]

GC Heap History (20 events):
Event: 3940.231 GC heap before
{Heap before GC invocations=9152 (full 11):
 PSYoungGen      total 6144K, used 6144K [0x00000000d5580000, 0x00000000d6200000, 0x0000000100000000)
  eden space 3584K, 100% used [0x00000000d5580000,0x00000000d5900000,0x00000000d5900000)
  from space 2560K, 100% used [0x00000000d5900000,0x00000000d5b80000,0x00000000d5b80000)
  to   space 4096K, 0% used [0x00000000d5e00000,0x00000000d5e00000,0x00000000d6200000)
 ParOldGen       total 1311744K, used 1311667K [0x0000000080000000, 0x00000000d0100000, 0x00000000d5580000)
  object space 1311744K, 99% used [0x0000000080000000,0x00000000d00ecee0,0x00000000d0100000)
 Metaspace       used 114031K, committed 116480K, reserved 1179648K
  class space    used 11327K, committed 12608K, reserved 1048576K
}
Event: 3940.236 GC heap after
{Heap after GC invocations=9152 (full 11):
 PSYoungGen      total 6144K, used 1056K [0x00000000d5580000, 0x00000000d5f80000, 0x0000000100000000)
  eden space 4608K, 0% used [0x00000000d5580000,0x00000000d5580000,0x00000000d5a00000)
  from space 1536K, 68% used [0x00000000d5e00000,0x00000000d5f08000,0x00000000d5f80000)
  to   space 2048K, 0% used [0x00000000d5b80000,0x00000000d5b80000,0x00000000d5d80000)
 ParOldGen       total 1314304K, used 1314219K [0x0000000080000000, 0x00000000d0380000, 0x00000000d5580000)
  object space 1314304K, 99% used [0x0000000080000000,0x00000000d036aee0,0x00000000d0380000)
 Metaspace       used 114031K, committed 116480K, reserved 1179648K
  class space    used 11327K, committed 12608K, reserved 1048576K
}
Event: 3940.311 GC heap before
{Heap before GC invocations=9153 (full 11):
 PSYoungGen      total 6144K, used 5664K [0x00000000d5580000, 0x00000000d5f80000, 0x0000000100000000)
  eden space 4608K, 100% used [0x00000000d5580000,0x00000000d5a00000,0x00000000d5a00000)
  from space 1536K, 68% used [0x00000000d5e00000,0x00000000d5f08000,0x00000000d5f80000)
  to   space 2048K, 0% used [0x00000000d5b80000,0x00000000d5b80000,0x00000000d5d80000)
 ParOldGen       total 1314304K, used 1314219K [0x0000000080000000, 0x00000000d0380000, 0x00000000d5580000)
  object space 1314304K, 99% used [0x0000000080000000,0x00000000d036aee0,0x00000000d0380000)
 Metaspace       used 114033K, committed 116480K, reserved 1179648K
  class space    used 11327K, committed 12608K, reserved 1048576K
}
Event: 3940.315 GC heap after
{Heap after GC invocations=9153 (full 11):
 PSYoungGen      total 6656K, used 538K [0x00000000d5580000, 0x00000000d5e80000, 0x0000000100000000)
  eden space 4608K, 0% used [0x00000000d5580000,0x00000000d5580000,0x00000000d5a00000)
  from space 2048K, 26% used [0x00000000d5b80000,0x00000000d5c06900,0x00000000d5d80000)
  to   space 1024K, 0% used [0x00000000d5d80000,0x00000000d5d80000,0x00000000d5e80000)
 ParOldGen       total 1315328K, used 1315180K [0x0000000080000000, 0x00000000d0480000, 0x00000000d5580000)
  object space 1315328K, 99% used [0x0000000080000000,0x00000000d045b2e8,0x00000000d0480000)
 Metaspace       used 114033K, committed 116480K, reserved 1179648K
  class space    used 11327K, committed 12608K, reserved 1048576K
}
Event: 3940.331 GC heap before
{Heap before GC invocations=9154 (full 11):
 PSYoungGen      total 6656K, used 5146K [0x00000000d5580000, 0x00000000d5e80000, 0x0000000100000000)
  eden space 4608K, 99% used [0x00000000d5580000,0x00000000d59ffff0,0x00000000d5a00000)
  from space 2048K, 26% used [0x00000000d5b80000,0x00000000d5c06900,0x00000000d5d80000)
  to   space 1024K, 0% used [0x00000000d5d80000,0x00000000d5d80000,0x00000000d5e80000)
 ParOldGen       total 1315328K, used 1315180K [0x0000000080000000, 0x00000000d0480000, 0x00000000d5580000)
  object space 1315328K, 99% used [0x0000000080000000,0x00000000d045b2e8,0x00000000d0480000)
 Metaspace       used 114034K, committed 116480K, reserved 1179648K
  class space    used 11327K, committed 12608K, reserved 1048576K
}
Event: 3940.335 GC heap after
{Heap after GC invocations=9154 (full 11):
 PSYoungGen      total 5632K, used 672K [0x00000000d5580000, 0x00000000d5e80000, 0x0000000100000000)
  eden space 4608K, 0% used [0x00000000d5580000,0x00000000d5580000,0x00000000d5a00000)
  from space 1024K, 65% used [0x00000000d5d80000,0x00000000d5e28000,0x00000000d5e80000)
  to   space 1024K, 0% used [0x00000000d5c80000,0x00000000d5c80000,0x00000000d5d80000)
 ParOldGen       total 1315840K, used 1315619K [0x0000000080000000, 0x00000000d0500000, 0x00000000d5580000)
  object space 1315840K, 99% used [0x0000000080000000,0x00000000d04c8ce8,0x00000000d0500000)
 Metaspace       used 114034K, committed 116480K, reserved 1179648K
  class space    used 11327K, committed 12608K, reserved 1048576K
}
Event: 3940.343 GC heap before
{Heap before GC invocations=9155 (full 11):
 PSYoungGen      total 5632K, used 5280K [0x00000000d5580000, 0x00000000d5e80000, 0x0000000100000000)
  eden space 4608K, 100% used [0x00000000d5580000,0x00000000d5a00000,0x00000000d5a00000)
  from space 1024K, 65% used [0x00000000d5d80000,0x00000000d5e28000,0x00000000d5e80000)
  to   space 1024K, 0% used [0x00000000d5c80000,0x00000000d5c80000,0x00000000d5d80000)
 ParOldGen       total 1315840K, used 1315619K [0x0000000080000000, 0x00000000d0500000, 0x00000000d5580000)
  object space 1315840K, 99% used [0x0000000080000000,0x00000000d04c8ce8,0x00000000d0500000)
 Metaspace       used 114034K, committed 116480K, reserved 1179648K
  class space    used 11327K, committed 12608K, reserved 1048576K
}
Event: 3940.346 GC heap after
{Heap after GC invocations=9155 (full 11):
 PSYoungGen      total 6656K, used 384K [0x00000000d5580000, 0x00000000d5e00000, 0x0000000100000000)
  eden space 5632K, 0% used [0x00000000d5580000,0x00000000d5580000,0x00000000d5b00000)
  from space 1024K, 37% used [0x00000000d5c80000,0x00000000d5ce0020,0x00000000d5d80000)
  to   space 512K, 0% used [0x00000000d5d80000,0x00000000d5d80000,0x00000000d5e00000)
 ParOldGen       total 1316352K, used 1316115K [0x0000000080000000, 0x00000000d0580000, 0x00000000d5580000)
  object space 1316352K, 99% used [0x0000000080000000,0x00000000d0544ce8,0x00000000d0580000)
 Metaspace       used 114034K, committed 116480K, reserved 1179648K
  class space    used 11327K, committed 12608K, reserved 1048576K
}
Event: 3940.353 GC heap before
{Heap before GC invocations=9156 (full 11):
 PSYoungGen      total 6656K, used 6015K [0x00000000d5580000, 0x00000000d5e00000, 0x0000000100000000)
  eden space 5632K, 99% used [0x00000000d5580000,0x00000000d5afffc8,0x00000000d5b00000)
  from space 1024K, 37% used [0x00000000d5c80000,0x00000000d5ce0020,0x00000000d5d80000)
  to   space 512K, 0% used [0x00000000d5d80000,0x00000000d5d80000,0x00000000d5e00000)
 ParOldGen       total 1316352K, used 1316115K [0x0000000080000000, 0x00000000d0580000, 0x00000000d5580000)
  object space 1316352K, 99% used [0x0000000080000000,0x00000000d0544ce8,0x00000000d0580000)
 Metaspace       used 114034K, committed 116480K, reserved 1179648K
  class space    used 11327K, committed 12608K, reserved 1048576K
}
Event: 3940.358 GC heap after
{Heap after GC invocations=9156 (full 11):
 PSYoungGen      total 6144K, used 486K [0x00000000d5580000, 0x00000000d6180000, 0x0000000100000000)
  eden space 5632K, 0% used [0x00000000d5580000,0x00000000d5580000,0x00000000d5b00000)
  from space 512K, 94% used [0x00000000d5d80000,0x00000000d5df9848,0x00000000d5e00000)
  to   space 2560K, 0% used [0x00000000d5b00000,0x00000000d5b00000,0x00000000d5d80000)
 ParOldGen       total 1317888K, used 1317601K [0x0000000080000000, 0x00000000d0700000, 0x00000000d5580000)
  object space 1317888K, 99% used [0x0000000080000000,0x00000000d06b8570,0x00000000d0700000)
 Metaspace       used 114034K, committed 116480K, reserved 1179648K
  class space    used 11327K, committed 12608K, reserved 1048576K
}
Event: 3940.371 GC heap before
{Heap before GC invocations=9157 (full 11):
 PSYoungGen      total 6144K, used 6118K [0x00000000d5580000, 0x00000000d6180000, 0x0000000100000000)
  eden space 5632K, 100% used [0x00000000d5580000,0x00000000d5b00000,0x00000000d5b00000)
  from space 512K, 94% used [0x00000000d5d80000,0x00000000d5df9848,0x00000000d5e00000)
  to   space 2560K, 0% used [0x00000000d5b00000,0x00000000d5b00000,0x00000000d5d80000)
 ParOldGen       total 1317888K, used 1317601K [0x0000000080000000, 0x00000000d0700000, 0x00000000d5580000)
  object space 1317888K, 99% used [0x0000000080000000,0x00000000d06b8570,0x00000000d0700000)
 Metaspace       used 114034K, committed 116480K, reserved 1179648K
  class space    used 11327K, committed 12608K, reserved 1048576K
}
Event: 3940.375 GC heap after
{Heap after GC invocations=9157 (full 11):
 PSYoungGen      total 8192K, used 1216K [0x00000000d5580000, 0x00000000d5f80000, 0x0000000100000000)
  eden space 5632K, 0% used [0x00000000d5580000,0x00000000d5580000,0x00000000d5b00000)
  from space 2560K, 47% used [0x00000000d5b00000,0x00000000d5c30000,0x00000000d5d80000)
  to   space 1536K, 0% used [0x00000000d5e00000,0x00000000d5e00000,0x00000000d5f80000)
 ParOldGen       total 1318400K, used 1317921K [0x0000000080000000, 0x00000000d0780000, 0x00000000d5580000)
  object space 1318400K, 99% used [0x0000000080000000,0x00000000d0708570,0x00000000d0780000)
 Metaspace       used 114034K, committed 116480K, reserved 1179648K
  class space    used 11327K, committed 12608K, reserved 1048576K
}
Event: 3940.443 GC heap before
{Heap before GC invocations=9158 (full 11):
 PSYoungGen      total 8192K, used 6848K [0x00000000d5580000, 0x00000000d5f80000, 0x0000000100000000)
  eden space 5632K, 100% used [0x00000000d5580000,0x00000000d5b00000,0x00000000d5b00000)
  from space 2560K, 47% used [0x00000000d5b00000,0x00000000d5c30000,0x00000000d5d80000)
  to   space 1536K, 0% used [0x00000000d5e00000,0x00000000d5e00000,0x00000000d5f80000)
 ParOldGen       total 1318400K, used 1317921K [0x0000000080000000, 0x00000000d0780000, 0x00000000d5580000)
  object space 1318400K, 99% used [0x0000000080000000,0x00000000d0708570,0x00000000d0780000)
 Metaspace       used 114034K, committed 116480K, reserved 1179648K
  class space    used 11327K, committed 12608K, reserved 1048576K
}
Event: 3940.447 GC heap after
{Heap after GC invocations=9158 (full 11):
 PSYoungGen      total 8192K, used 693K [0x00000000d5580000, 0x00000000d5f00000, 0x0000000100000000)
  eden space 7168K, 0% used [0x00000000d5580000,0x00000000d5580000,0x00000000d5c80000)
  from space 1024K, 67% used [0x00000000d5e00000,0x00000000d5ead400,0x00000000d5f00000)
  to   space 1024K, 0% used [0x00000000d5d00000,0x00000000d5d00000,0x00000000d5e00000)
 ParOldGen       total 1319424K, used 1319040K [0x0000000080000000, 0x00000000d0880000, 0x00000000d5580000)
  object space 1319424K, 99% used [0x0000000080000000,0x00000000d0820270,0x00000000d0880000)
 Metaspace       used 114034K, committed 116480K, reserved 1179648K
  class space    used 11327K, committed 12608K, reserved 1048576K
}
Event: 3946.833 GC heap before
{Heap before GC invocations=9159 (full 11):
 PSYoungGen      total 8192K, used 7861K [0x00000000d5580000, 0x00000000d5f00000, 0x0000000100000000)
  eden space 7168K, 100% used [0x00000000d5580000,0x00000000d5c80000,0x00000000d5c80000)
  from space 1024K, 67% used [0x00000000d5e00000,0x00000000d5ead400,0x00000000d5f00000)
  to   space 1024K, 0% used [0x00000000d5d00000,0x00000000d5d00000,0x00000000d5e00000)
 ParOldGen       total 1319424K, used 1319040K [0x0000000080000000, 0x00000000d0880000, 0x00000000d5580000)
  object space 1319424K, 99% used [0x0000000080000000,0x00000000d0820270,0x00000000d0880000)
 Metaspace       used 114040K, committed 116480K, reserved 1179648K
  class space    used 11327K, committed 12608K, reserved 1048576K
}
Event: 3946.876 GC heap after
{Heap after GC invocations=9159 (full 11):
 PSYoungGen      total 8192K, used 224K [0x00000000d5580000, 0x00000000d5e80000, 0x0000000100000000)
  eden space 7168K, 0% used [0x00000000d5580000,0x00000000d5580000,0x00000000d5c80000)
  from space 1024K, 21% used [0x00000000d5d00000,0x00000000d5d38000,0x00000000d5e00000)
  to   space 512K, 0% used [0x00000000d5e00000,0x00000000d5e00000,0x00000000d5e80000)
 ParOldGen       total 1319936K, used 1319515K [0x0000000080000000, 0x00000000d0900000, 0x00000000d5580000)
  object space 1319936K, 99% used [0x0000000080000000,0x00000000d0896e78,0x00000000d0900000)
 Metaspace       used 114040K, committed 116480K, reserved 1179648K
  class space    used 11327K, committed 12608K, reserved 1048576K
}
Event: 3946.948 GC heap before
{Heap before GC invocations=9160 (full 11):
 PSYoungGen      total 8192K, used 7392K [0x00000000d5580000, 0x00000000d5e80000, 0x0000000100000000)
  eden space 7168K, 100% used [0x00000000d5580000,0x00000000d5c80000,0x00000000d5c80000)
  from space 1024K, 21% used [0x00000000d5d00000,0x00000000d5d38000,0x00000000d5e00000)
  to   space 512K, 0% used [0x00000000d5e00000,0x00000000d5e00000,0x00000000d5e80000)
 ParOldGen       total 1319936K, used 1319515K [0x0000000080000000, 0x00000000d0900000, 0x00000000d5580000)
  object space 1319936K, 99% used [0x0000000080000000,0x00000000d0896e78,0x00000000d0900000)
 Metaspace       used 114040K, committed 116480K, reserved 1179648K
  class space    used 11327K, committed 12608K, reserved 1048576K
}
Event: 3947.017 GC heap after
{Heap after GC invocations=9160 (full 11):
 PSYoungGen      total 8192K, used 500K [0x00000000d5580000, 0x00000000d6000000, 0x0000000100000000)
  eden space 7680K, 0% used [0x00000000d5580000,0x00000000d5580000,0x00000000d5d00000)
  from space 512K, 97% used [0x00000000d5e00000,0x00000000d5e7d200,0x00000000d5e80000)
  to   space 1024K, 0% used [0x00000000d5d00000,0x00000000d5d00000,0x00000000d5e00000)
 ParOldGen       total 1319936K, used 1319843K [0x0000000080000000, 0x00000000d0900000, 0x00000000d5580000)
  object space 1319936K, 99% used [0x0000000080000000,0x00000000d08e8e98,0x00000000d0900000)
 Metaspace       used 114040K, committed 116480K, reserved 1179648K
  class space    used 11327K, committed 12608K, reserved 1048576K
}
Event: 3947.217 GC heap before
{Heap before GC invocations=9161 (full 11):
 PSYoungGen      total 8192K, used 8180K [0x00000000d5580000, 0x00000000d6000000, 0x0000000100000000)
  eden space 7680K, 100% used [0x00000000d5580000,0x00000000d5d00000,0x00000000d5d00000)
  from space 512K, 97% used [0x00000000d5e00000,0x00000000d5e7d200,0x00000000d5e80000)
  to   space 1024K, 0% used [0x00000000d5d00000,0x00000000d5d00000,0x00000000d5e00000)
 ParOldGen       total 1319936K, used 1319843K [0x0000000080000000, 0x00000000d0900000, 0x00000000d5580000)
  object space 1319936K, 99% used [0x0000000080000000,0x00000000d08e8e98,0x00000000d0900000)
 Metaspace       used 114040K, committed 116480K, reserved 1179648K
  class space    used 11327K, committed 12608K, reserved 1048576K
}
Event: 3947.223 GC heap after
{Heap after GC invocations=9161 (full 11):
 PSYoungGen      total 8704K, used 768K [0x00000000d5580000, 0x00000000d5f00000, 0x0000000100000000)
  eden space 7680K, 0% used [0x00000000d5580000,0x00000000d5580000,0x00000000d5d00000)
  from space 1024K, 75% used [0x00000000d5d00000,0x00000000d5dc0000,0x00000000d5e00000)
  to   space 1024K, 0% used [0x00000000d5e00000,0x00000000d5e00000,0x00000000d5f00000)
 ParOldGen       total 1320448K, used 1320294K [0x0000000080000000, 0x00000000d0980000, 0x00000000d5580000)
  object space 1320448K, 99% used [0x0000000080000000,0x00000000d0959918,0x00000000d0980000)
 Metaspace       used 114040K, committed 116480K, reserved 1179648K
  class space    used 11327K, committed 12608K, reserved 1048576K
}

Dll operation events (14 events):
Event: 0.022 Loaded shared library c:\Users\obasi\.vscode\extensions\redhat.java-1.54.0-win32-x64\jre\21.0.10-win32-x86_64\bin\java.dll
Event: 0.197 Loaded shared library c:\Users\obasi\.vscode\extensions\redhat.java-1.54.0-win32-x64\jre\21.0.10-win32-x86_64\bin\zip.dll
Event: 0.248 Loaded shared library C:\Users\obasi\.vscode\extensions\redhat.java-1.54.0-win32-x64\jre\21.0.10-win32-x86_64\bin\instrument.dll
Event: 0.258 Loaded shared library C:\Users\obasi\.vscode\extensions\redhat.java-1.54.0-win32-x64\jre\21.0.10-win32-x86_64\bin\net.dll
Event: 0.274 Loaded shared library C:\Users\obasi\.vscode\extensions\redhat.java-1.54.0-win32-x64\jre\21.0.10-win32-x86_64\bin\nio.dll
Event: 0.280 Loaded shared library C:\Users\obasi\.vscode\extensions\redhat.java-1.54.0-win32-x64\jre\21.0.10-win32-x86_64\bin\zip.dll
Event: 0.316 Loaded shared library C:\Users\obasi\.vscode\extensions\redhat.java-1.54.0-win32-x64\jre\21.0.10-win32-x86_64\bin\jimage.dll
Event: 0.644 Loaded shared library c:\Users\obasi\.vscode\extensions\redhat.java-1.54.0-win32-x64\jre\21.0.10-win32-x86_64\bin\verify.dll
Event: 18.720 Loaded shared library C:\Users\obasi\AppData\Roaming\Code\User\globalStorage\redhat.java\1.54.0\config_win\org.eclipse.equinox.launcher\org.eclipse.equinox.launcher.win32.win32.x86_64_1.3.0.v20260203-2149\eclipse_11919.dll
Event: 46.442 Loaded shared library C:\Users\obasi\AppData\Local\Temp\jna-105527236\jna8238676832484728746.dll
Event: 52.319 Loaded shared library C:\Users\obasi\.vscode\extensions\redhat.java-1.54.0-win32-x64\jre\21.0.10-win32-x86_64\bin\sunmscapi.dll
Event: 53.503 Loaded shared library C:\Users\obasi\.vscode\extensions\redhat.java-1.54.0-win32-x64\jre\21.0.10-win32-x86_64\bin\extnet.dll
Event: 65.474 Loaded shared library C:\Users\obasi\.vscode\extensions\redhat.java-1.54.0-win32-x64\jre\21.0.10-win32-x86_64\bin\management.dll
Event: 65.585 Loaded shared library C:\Users\obasi\.vscode\extensions\redhat.java-1.54.0-win32-x64\jre\21.0.10-win32-x86_64\bin\management_ext.dll

Deoptimization events (20 events):
Event: 3940.130 Thread 0x0000021a90fb9770 Uncommon trap: trap_request=0xffffffde fr.pc=0x0000021a3a5cf424 relative=0x0000000000000904
Event: 3940.130 Thread 0x0000021a90fb9770 Uncommon trap: reason=class_check action=maybe_recompile pc=0x0000021a3a5cf424 method=org.eclipse.jdt.internal.compiler.lookup.ClassScope.buildFields()V @ 56 c2
Event: 3940.131 Thread 0x0000021a90fb9770 DEOPT PACKING pc=0x0000021a3a5cf424 sp=0x0000004db28fe2a0
Event: 3940.131 Thread 0x0000021a90fb9770 DEOPT UNPACKING pc=0x0000021a39393aa2 sp=0x0000004db28fe1f0 mode 2
Event: 3940.132 Thread 0x0000021a90fb9770 Uncommon trap: trap_request=0xffffffde fr.pc=0x0000021a39ca6ec0 relative=0x00000000000001c0
Event: 3940.132 Thread 0x0000021a90fb9770 Uncommon trap: reason=class_check action=maybe_recompile pc=0x0000021a39ca6ec0 method=org.eclipse.jdt.internal.compiler.lookup.ClassScope.checkAndSetModifiersForField(Lorg/eclipse/jdt/internal/compiler/lookup/FieldBinding;Lorg/eclipse/jdt/internal/compile
Event: 3940.132 Thread 0x0000021a90fb9770 DEOPT PACKING pc=0x0000021a39ca6ec0 sp=0x0000004db28fe1c0
Event: 3940.132 Thread 0x0000021a90fb9770 DEOPT UNPACKING pc=0x0000021a39393aa2 sp=0x0000004db28fe158 mode 2
Event: 3940.238 Thread 0x0000021a90fb9770 Uncommon trap: trap_request=0xffffff54 fr.pc=0x0000021a3b9b3304 relative=0x00000000000040e4
Event: 3940.238 Thread 0x0000021a90fb9770 Uncommon trap: reason=speculate_null_assert action=make_not_entrant pc=0x0000021a3b9b3304 method=org.eclipse.jdt.internal.codeassist.CompletionEngine.acceptTypes(Lorg/eclipse/jdt/internal/compiler/lookup/Scope;)V @ 542 c2
Event: 3940.238 Thread 0x0000021a90fb9770 DEOPT PACKING pc=0x0000021a3b9b3304 sp=0x0000004db28fe160
Event: 3940.238 Thread 0x0000021a90fb9770 DEOPT UNPACKING pc=0x0000021a39393aa2 sp=0x0000004db28fe158 mode 2
Event: 3940.240 Thread 0x0000021a90fb9770 Uncommon trap: trap_request=0xffffff54 fr.pc=0x0000021a39d5a6c8 relative=0x0000000000003028
Event: 3940.240 Thread 0x0000021a90fb9770 Uncommon trap: reason=speculate_null_assert action=make_not_entrant pc=0x0000021a39d5a6c8 method=org.eclipse.jdt.internal.codeassist.CompletionEngine.acceptTypes(Lorg/eclipse/jdt/internal/compiler/lookup/Scope;)V @ 542 c2
Event: 3940.240 Thread 0x0000021a90fb9770 DEOPT PACKING pc=0x0000021a39d5a6c8 sp=0x0000004db28fe160
Event: 3940.241 Thread 0x0000021a90fb9770 DEOPT UNPACKING pc=0x0000021a39393aa2 sp=0x0000004db28fe158 mode 2
Event: 3940.323 Thread 0x0000021a90fb9e00 Uncommon trap: trap_request=0xffffffde fr.pc=0x0000021a39ca6ec0 relative=0x00000000000001c0
Event: 3940.323 Thread 0x0000021a90fb9e00 Uncommon trap: reason=class_check action=maybe_recompile pc=0x0000021a39ca6ec0 method=org.eclipse.jdt.internal.compiler.lookup.ClassScope.checkAndSetModifiersForField(Lorg/eclipse/jdt/internal/compiler/lookup/FieldBinding;Lorg/eclipse/jdt/internal/compile
Event: 3940.323 Thread 0x0000021a90fb9e00 DEOPT PACKING pc=0x0000021a39ca6ec0 sp=0x0000004db33fe2f0
Event: 3940.323 Thread 0x0000021a90fb9e00 DEOPT UNPACKING pc=0x0000021a39393aa2 sp=0x0000004db33fe288 mode 2

Classes loaded (20 events):
Event: 3786.203 Loading class jdk/internal/module/IllegalAccessLogger
Event: 3786.203 Loading class jdk/internal/module/IllegalAccessLogger done
Event: 3786.673 Loading class jdk/internal/module/IllegalAccessLogger
Event: 3786.673 Loading class jdk/internal/module/IllegalAccessLogger done
Event: 3789.128 Loading class jdk/internal/module/IllegalAccessLogger
Event: 3789.128 Loading class jdk/internal/module/IllegalAccessLogger done
Event: 3799.814 Loading class jdk/internal/module/IllegalAccessLogger
Event: 3799.814 Loading class jdk/internal/module/IllegalAccessLogger done
Event: 3804.890 Loading class jdk/internal/module/IllegalAccessLogger
Event: 3804.890 Loading class jdk/internal/module/IllegalAccessLogger done
Event: 3806.850 Loading class jdk/internal/module/IllegalAccessLogger
Event: 3806.850 Loading class jdk/internal/module/IllegalAccessLogger done
Event: 3812.520 Loading class jdk/internal/module/IllegalAccessLogger
Event: 3812.520 Loading class jdk/internal/module/IllegalAccessLogger done
Event: 3820.647 Loading class jdk/internal/module/IllegalAccessLogger
Event: 3820.647 Loading class jdk/internal/module/IllegalAccessLogger done
Event: 3829.174 Loading class jdk/internal/module/IllegalAccessLogger
Event: 3829.174 Loading class jdk/internal/module/IllegalAccessLogger done
Event: 3834.404 Loading class jdk/internal/module/IllegalAccessLogger
Event: 3834.404 Loading class jdk/internal/module/IllegalAccessLogger done

Classes unloaded (20 events):
Event: 3666.691 Thread 0x0000021a2ecb0ac0 Unloading class 0x0000021a47234800 'org/apache/maven/plugins/resources/ResourcesMojo'
Event: 3666.691 Thread 0x0000021a2ecb0ac0 Unloading class 0x0000021a47a3bc00 'java/lang/invoke/LambdaForm$MH+0x0000021a47a3bc00'
Event: 3666.691 Thread 0x0000021a2ecb0ac0 Unloading class 0x0000021a47a3b000 'java/lang/invoke/LambdaForm$MH+0x0000021a47a3b000'
Event: 3666.691 Thread 0x0000021a2ecb0ac0 Unloading class 0x0000021a47a4dc00 'java/lang/invoke/LambdaForm$MH+0x0000021a47a4dc00'
Event: 3666.691 Thread 0x0000021a2ecb0ac0 Unloading class 0x0000021a47a4d800 'java/lang/invoke/LambdaForm$MH+0x0000021a47a4d800'
Event: 3666.691 Thread 0x0000021a2ecb0ac0 Unloading class 0x0000021a47a4d400 'java/lang/invoke/LambdaForm$MH+0x0000021a47a4d400'
Event: 3666.693 Thread 0x0000021a2ecb0ac0 Unloading class 0x0000021a47b21800 'java/lang/invoke/LambdaForm$MH+0x0000021a47b21800'
Event: 3666.693 Thread 0x0000021a2ecb0ac0 Unloading class 0x0000021a47b21400 'java/lang/invoke/LambdaForm$MH+0x0000021a47b21400'
Event: 3666.693 Thread 0x0000021a2ecb0ac0 Unloading class 0x0000021a47b21000 'java/lang/invoke/LambdaForm$MH+0x0000021a47b21000'
Event: 3666.693 Thread 0x0000021a2ecb0ac0 Unloading class 0x0000021a47871400 'java/lang/invoke/LambdaForm$MH+0x0000021a47871400'
Event: 3666.693 Thread 0x0000021a2ecb0ac0 Unloading class 0x0000021a4786dc00 'java/lang/invoke/LambdaForm$MH+0x0000021a4786dc00'
Event: 3666.693 Thread 0x0000021a2ecb0ac0 Unloading class 0x0000021a4786d800 'java/lang/invoke/LambdaForm$MH+0x0000021a4786d800'
Event: 3666.693 Thread 0x0000021a2ecb0ac0 Unloading class 0x0000021a4770ac00 'java/lang/invoke/LambdaForm$MH+0x0000021a4770ac00'
Event: 3666.693 Thread 0x0000021a2ecb0ac0 Unloading class 0x0000021a47708000 'java/lang/invoke/LambdaForm$MH+0x0000021a47708000'
Event: 3666.693 Thread 0x0000021a2ecb0ac0 Unloading class 0x0000021a475d1000 'java/lang/invoke/LambdaForm$MH+0x0000021a475d1000'
Event: 3666.694 Thread 0x0000021a2ecb0ac0 Unloading class 0x0000021a4729dc00 'java/lang/invoke/LambdaForm$MH+0x0000021a4729dc00'
Event: 3666.694 Thread 0x0000021a2ecb0ac0 Unloading class 0x0000021a4729d800 'java/lang/invoke/LambdaForm$MH+0x0000021a4729d800'
Event: 3666.696 Thread 0x0000021a2ecb0ac0 Unloading class 0x0000021a47176c00 'java/lang/invoke/LambdaForm$MH+0x0000021a47176c00'
Event: 3666.696 Thread 0x0000021a2ecb0ac0 Unloading class 0x0000021a47176800 'java/lang/invoke/LambdaForm$MH+0x0000021a47176800'
Event: 3666.696 Thread 0x0000021a2ecb0ac0 Unloading class 0x0000021a47176000 'java/lang/invoke/LambdaForm$MH+0x0000021a47176000'

Classes redefined (0 events):
No events

Internal exceptions (20 events):
Event: 3896.240 Thread 0x0000021a90fbb840 Exception <a 'sun/nio/fs/WindowsException'{0x00000000d5a7af78}> (0x00000000d5a7af78) 
thrown [s\src\hotspot\share\prims\jni.cpp, line 520]
Event: 3896.240 Thread 0x0000021a90fbb840 Exception <a 'sun/nio/fs/WindowsException'{0x00000000d5a7b790}> (0x00000000d5a7b790) 
thrown [s\src\hotspot\share\prims\jni.cpp, line 520]
Event: 3896.242 Thread 0x0000021a90fbb840 Exception <a 'sun/nio/fs/WindowsException'{0x00000000d5a7cc00}> (0x00000000d5a7cc00) 
thrown [s\src\hotspot\share\prims\jni.cpp, line 520]
Event: 3896.242 Thread 0x0000021a90fbb840 Exception <a 'sun/nio/fs/WindowsException'{0x00000000d5a7d418}> (0x00000000d5a7d418) 
thrown [s\src\hotspot\share\prims\jni.cpp, line 520]
Event: 3896.244 Thread 0x0000021a90fbb840 Exception <a 'sun/nio/fs/WindowsException'{0x00000000d5a7e888}> (0x00000000d5a7e888) 
thrown [s\src\hotspot\share\prims\jni.cpp, line 520]
Event: 3896.245 Thread 0x0000021a90fbb840 Exception <a 'sun/nio/fs/WindowsException'{0x00000000d5a7f0a0}> (0x00000000d5a7f0a0) 
thrown [s\src\hotspot\share\prims\jni.cpp, line 520]
Event: 3896.251 Thread 0x0000021a90fbb840 Exception <a 'sun/nio/fs/WindowsException'{0x00000000d5580a00}> (0x00000000d5580a00) 
thrown [s\src\hotspot\share\prims\jni.cpp, line 520]
Event: 3896.252 Thread 0x0000021a90fbb840 Exception <a 'sun/nio/fs/WindowsException'{0x00000000d5581218}> (0x00000000d5581218) 
thrown [s\src\hotspot\share\prims\jni.cpp, line 520]
Event: 3896.254 Thread 0x0000021a90fbb840 Exception <a 'sun/nio/fs/WindowsException'{0x00000000d5582688}> (0x00000000d5582688) 
thrown [s\src\hotspot\share\prims\jni.cpp, line 520]
Event: 3896.255 Thread 0x0000021a90fbb840 Exception <a 'sun/nio/fs/WindowsException'{0x00000000d5582ea0}> (0x00000000d5582ea0) 
thrown [s\src\hotspot\share\prims\jni.cpp, line 520]
Event: 3896.257 Thread 0x0000021a90fbb840 Exception <a 'sun/nio/fs/WindowsException'{0x00000000d5584310}> (0x00000000d5584310) 
thrown [s\src\hotspot\share\prims\jni.cpp, line 520]
Event: 3896.257 Thread 0x0000021a90fbb840 Exception <a 'sun/nio/fs/WindowsException'{0x00000000d5584b28}> (0x00000000d5584b28) 
thrown [s\src\hotspot\share\prims\jni.cpp, line 520]
Event: 3896.260 Thread 0x0000021a90fbb840 Exception <a 'sun/nio/fs/WindowsException'{0x00000000d5585f98}> (0x00000000d5585f98) 
thrown [s\src\hotspot\share\prims\jni.cpp, line 520]
Event: 3896.260 Thread 0x0000021a90fbb840 Exception <a 'sun/nio/fs/WindowsException'{0x00000000d55867b0}> (0x00000000d55867b0) 
thrown [s\src\hotspot\share\prims\jni.cpp, line 520]
Event: 3940.089 Thread 0x0000021a90fb9770 Exception <a 'java/lang/ArrayIndexOutOfBoundsException'{0x00000000d56636e0}: Index 3126 out of bounds for length 3126> (0x00000000d56636e0) 
thrown [s\src\hotspot\share\interpreter\interpreterRuntime.cpp, line 439]
Event: 3940.089 Thread 0x0000021a90fb9770 Exception <a 'java/lang/ArrayIndexOutOfBoundsException'{0x00000000d5663d38}: Index 3126 out of bounds for length 3126> (0x00000000d5663d38) 
thrown [s\src\hotspot\share\interpreter\interpreterRuntime.cpp, line 439]
Event: 3940.089 Thread 0x0000021a90fb9770 Exception <a 'java/lang/ArrayIndexOutOfBoundsException'{0x00000000d56640e0}: Index 3127 out of bounds for length 3126> (0x00000000d56640e0) 
thrown [s\src\hotspot\share\interpreter\interpreterRuntime.cpp, line 439]
Event: 3940.320 Thread 0x0000021a90fb9e00 Exception <a 'java/lang/ArrayIndexOutOfBoundsException'{0x00000000d55bccb0}> (0x00000000d55bccb0) 
thrown [s\src\hotspot\share\runtime\sharedRuntime.cpp, line 625]
Event: 3940.320 Thread 0x0000021a90fb9e00 Exception <a 'java/lang/ArrayIndexOutOfBoundsException'{0x00000000d55bd308}> (0x00000000d55bd308) 
thrown [s\src\hotspot\share\runtime\sharedRuntime.cpp, line 625]
Event: 3940.320 Thread 0x0000021a90fb9e00 Exception <a 'java/lang/ArrayIndexOutOfBoundsException'{0x00000000d55bd6b0}> (0x00000000d55bd6b0) 
thrown [s\src\hotspot\share\runtime\sharedRuntime.cpp, line 625]

ZGC Phase Switch (0 events):
No events

VM Operations (20 events):
Event: 3940.231 Executing safepoint VM operation: ParallelGCFailedAllocation (Allocation Failure)
Event: 3940.236 Executing safepoint VM operation: ParallelGCFailedAllocation (Allocation Failure) done
Event: 3940.310 Executing safepoint VM operation: ParallelGCFailedAllocation (Allocation Failure)
Event: 3940.315 Executing safepoint VM operation: ParallelGCFailedAllocation (Allocation Failure) done
Event: 3940.331 Executing safepoint VM operation: ParallelGCFailedAllocation (Allocation Failure)
Event: 3940.335 Executing safepoint VM operation: ParallelGCFailedAllocation (Allocation Failure) done
Event: 3940.343 Executing safepoint VM operation: ParallelGCFailedAllocation (Allocation Failure)
Event: 3940.346 Executing safepoint VM operation: ParallelGCFailedAllocation (Allocation Failure) done
Event: 3940.353 Executing safepoint VM operation: ParallelGCFailedAllocation (Allocation Failure)
Event: 3940.358 Executing safepoint VM operation: ParallelGCFailedAllocation (Allocation Failure) done
Event: 3940.371 Executing safepoint VM operation: ParallelGCFailedAllocation (Allocation Failure)
Event: 3940.375 Executing safepoint VM operation: ParallelGCFailedAllocation (Allocation Failure) done
Event: 3940.443 Executing safepoint VM operation: ParallelGCFailedAllocation (Allocation Failure)
Event: 3940.447 Executing safepoint VM operation: ParallelGCFailedAllocation (Allocation Failure) done
Event: 3946.833 Executing safepoint VM operation: ParallelGCFailedAllocation (Allocation Failure)
Event: 3946.876 Executing safepoint VM operation: ParallelGCFailedAllocation (Allocation Failure) done
Event: 3946.889 Executing safepoint VM operation: ParallelGCFailedAllocation (Allocation Failure)
Event: 3947.017 Executing safepoint VM operation: ParallelGCFailedAllocation (Allocation Failure) done
Event: 3947.216 Executing safepoint VM operation: ParallelGCFailedAllocation (Allocation Failure)
Event: 3947.223 Executing safepoint VM operation: ParallelGCFailedAllocation (Allocation Failure) done

Memory protections (0 events):
No events

Nmethod flushes (20 events):
Event: 3667.546 Thread 0x0000021a2ecb0ac0 flushing  nmethod 0x0000021a351af710
Event: 3667.546 Thread 0x0000021a2ecb0ac0 flushing  nmethod 0x0000021a351b1110
Event: 3667.546 Thread 0x0000021a2ecb0ac0 flushing  nmethod 0x0000021a351c1a90
Event: 3667.546 Thread 0x0000021a2ecb0ac0 flushing  nmethod 0x0000021a351c4190
Event: 3667.546 Thread 0x0000021a2ecb0ac0 flushing  nmethod 0x0000021a351d8e90
Event: 3667.546 Thread 0x0000021a2ecb0ac0 flushing  nmethod 0x0000021a351f6c90
Event: 3667.546 Thread 0x0000021a2ecb0ac0 flushing  nmethod 0x0000021a35217990
Event: 3667.546 Thread 0x0000021a2ecb0ac0 flushing  nmethod 0x0000021a35218b90
Event: 3667.546 Thread 0x0000021a2ecb0ac0 flushing  nmethod 0x0000021a3521cd10
Event: 3667.546 Thread 0x0000021a2ecb0ac0 flushing  nmethod 0x0000021a3526ef90
Event: 3667.546 Thread 0x0000021a2ecb0ac0 flushing  nmethod 0x0000021a352b2c10
Event: 3667.546 Thread 0x0000021a2ecb0ac0 flushing  nmethod 0x0000021a352dc610
Event: 3667.546 Thread 0x0000021a2ecb0ac0 flushing  nmethod 0x0000021a35387a90
Event: 3667.546 Thread 0x0000021a2ecb0ac0 flushing  nmethod 0x0000021a35398b10
Event: 3667.547 Thread 0x0000021a2ecb0ac0 flushing  nmethod 0x0000021a353b3e10
Event: 3667.547 Thread 0x0000021a2ecb0ac0 flushing  nmethod 0x0000021a353b8990
Event: 3667.547 Thread 0x0000021a2ecb0ac0 flushing  nmethod 0x0000021a35429110
Event: 3667.547 Thread 0x0000021a2ecb0ac0 flushing  nmethod 0x0000021a35449890
Event: 3667.548 Thread 0x0000021a2ecb0ac0 flushing  nmethod 0x0000021a35470890
Event: 3667.548 Thread 0x0000021a2ecb0ac0 flushing  nmethod 0x0000021a35470d90

Events (20 events):
Event: 3896.212 Thread 0x0000021a90747850 Thread exited: 0x0000021a90747850
Event: 3896.261 Thread 0x0000021a90fbb840 Thread added: 0x0000021a907464a0
Event: 3896.262 Thread 0x0000021a907464a0 Thread added: 0x0000021a90746b30
Event: 3896.262 Thread 0x0000021a907464a0 Thread added: 0x0000021a90747850
Event: 3896.263 Thread 0x0000021a90746b30 Thread added: 0x0000021a90fb62f0
Event: 3896.263 Thread 0x0000021a907464a0 Thread added: 0x0000021a90fb7010
Event: 3896.263 Thread 0x0000021a90747850 Thread added: 0x0000021a90fb48b0
Event: 3896.263 Thread 0x0000021a90746b30 Thread added: 0x0000021a90fb8a50
Event: 3896.264 Thread 0x0000021a907464a0 Thread exited: 0x0000021a907464a0
Event: 3896.264 Thread 0x0000021a90fb7010 Thread exited: 0x0000021a90fb7010
Event: 3896.264 Thread 0x0000021a90747850 Thread exited: 0x0000021a90747850
Event: 3896.264 Thread 0x0000021a90746b30 Thread exited: 0x0000021a90746b30
Event: 3896.264 Thread 0x0000021a90fb62f0 Thread exited: 0x0000021a90fb62f0
Event: 3896.264 Thread 0x0000021a90fb48b0 Thread exited: 0x0000021a90fb48b0
Event: 3896.264 Thread 0x0000021a90fb8a50 Thread exited: 0x0000021a90fb8a50
Event: 3906.509 Thread 0x0000021a90cb78f0 Thread exited: 0x0000021a90cb78f0
Event: 3914.522 Thread 0x0000021a90fb76a0 Thread exited: 0x0000021a90fb76a0
Event: 3940.156 Thread 0x0000021a2eb8f290 Thread added: 0x0000021a8ceb7730
Event: 3940.196 Thread 0x0000021a9305eb00 Thread added: 0x0000021a90fb48b0
Event: 3946.589 Thread 0x0000021a8ceb7730 Thread exited: 0x0000021a8ceb7730


Dynamic libraries:
0x00007ff6ba5c0000 - 0x00007ff6ba5ce000 	c:\Users\obasi\.vscode\extensions\redhat.java-1.54.0-win32-x64\jre\21.0.10-win32-x86_64\bin\java.exe
0x00007ff9c65a0000 - 0x00007ff9c6806000 	C:\WINDOWS\SYSTEM32\ntdll.dll
0x00007ff9c4e00000 - 0x00007ff9c4ec9000 	C:\WINDOWS\System32\KERNEL32.DLL
0x00007ff9c3c90000 - 0x00007ff9c408a000 	C:\WINDOWS\System32\KERNELBASE.dll
0x00007ff9c3b40000 - 0x00007ff9c3c8c000 	C:\WINDOWS\System32\ucrtbase.dll
0x00007ff98e740000 - 0x00007ff98e75e000 	c:\Users\obasi\.vscode\extensions\redhat.java-1.54.0-win32-x64\jre\21.0.10-win32-x86_64\bin\VCRUNTIME140.dll
0x00007ff98e4a0000 - 0x00007ff98e4b8000 	c:\Users\obasi\.vscode\extensions\redhat.java-1.54.0-win32-x64\jre\21.0.10-win32-x86_64\bin\jli.dll
0x00007ff9c5660000 - 0x00007ff9c5827000 	C:\WINDOWS\System32\USER32.dll
0x00007ff9ad680000 - 0x00007ff9ad912000 	C:\WINDOWS\WinSxS\amd64_microsoft.windows.common-controls_6595b64144ccf1df_6.0.26100.8521_none_3e08b75ce33403b3\COMCTL32.dll
0x00007ff9c3990000 - 0x00007ff9c39b7000 	C:\WINDOWS\System32\win32u.dll
0x00007ff9c4420000 - 0x00007ff9c444b000 	C:\WINDOWS\System32\GDI32.dll
0x00007ff9c4f60000 - 0x00007ff9c5009000 	C:\WINDOWS\System32\msvcrt.dll
0x00007ff9c4120000 - 0x00007ff9c424b000 	C:\WINDOWS\System32\gdi32full.dll
0x00007ff9c38e0000 - 0x00007ff9c3983000 	C:\WINDOWS\System32\msvcp_win.dll
0x00007ff9c5170000 - 0x00007ff9c51a2000 	C:\WINDOWS\System32\IMM32.DLL
0x00007ff9ad4d0000 - 0x00007ff9ad4dc000 	c:\Users\obasi\.vscode\extensions\redhat.java-1.54.0-win32-x64\jre\21.0.10-win32-x86_64\bin\vcruntime140_1.dll
0x00007ff977cf0000 - 0x00007ff977d7d000 	c:\Users\obasi\.vscode\extensions\redhat.java-1.54.0-win32-x64\jre\21.0.10-win32-x86_64\bin\msvcp140.dll
0x00007ff921140000 - 0x00007ff921ee1000 	c:\Users\obasi\.vscode\extensions\redhat.java-1.54.0-win32-x64\jre\21.0.10-win32-x86_64\bin\server\jvm.dll
0x00007ff9c50b0000 - 0x00007ff9c5166000 	C:\WINDOWS\System32\ADVAPI32.dll
0x00007ff9c4370000 - 0x00007ff9c441a000 	C:\WINDOWS\System32\sechost.dll
0x00007ff9c60a0000 - 0x00007ff9c61b8000 	C:\WINDOWS\System32\RPCRT4.dll
0x00007ff9c4ed0000 - 0x00007ff9c4f50000 	C:\WINDOWS\System32\WS2_32.dll
0x00007ff9c36b0000 - 0x00007ff9c370e000 	C:\WINDOWS\SYSTEM32\POWRPROF.dll
0x00007ff9bb770000 - 0x00007ff9bb77b000 	C:\WINDOWS\SYSTEM32\VERSION.dll
0x00007ff9bb050000 - 0x00007ff9bb086000 	C:\WINDOWS\SYSTEM32\WINMM.dll
0x00007ff9c3690000 - 0x00007ff9c36a4000 	C:\WINDOWS\SYSTEM32\UMPDC.dll
0x00007ff9c25c0000 - 0x00007ff9c25db000 	C:\WINDOWS\SYSTEM32\kernel.appcore.dll
0x00007ff9ab590000 - 0x00007ff9ab59a000 	c:\Users\obasi\.vscode\extensions\redhat.java-1.54.0-win32-x64\jre\21.0.10-win32-x86_64\bin\jimage.dll
0x00007ff9b79b0000 - 0x00007ff9b7bf2000 	C:\WINDOWS\SYSTEM32\DBGHELP.DLL
0x00007ff9c61d0000 - 0x00007ff9c6553000 	C:\WINDOWS\System32\combase.dll
0x00007ff9c5270000 - 0x00007ff9c5349000 	C:\WINDOWS\System32\OLEAUT32.dll
0x00007ff9b5080000 - 0x00007ff9b50bb000 	C:\WINDOWS\SYSTEM32\dbgcore.DLL
0x00007ff9c3830000 - 0x00007ff9c38d8000 	C:\WINDOWS\System32\bcryptPrimitives.dll
0x00007ff9a9b00000 - 0x00007ff9a9b0f000 	c:\Users\obasi\.vscode\extensions\redhat.java-1.54.0-win32-x64\jre\21.0.10-win32-x86_64\bin\instrument.dll
0x00007ff98e480000 - 0x00007ff98e4a0000 	c:\Users\obasi\.vscode\extensions\redhat.java-1.54.0-win32-x64\jre\21.0.10-win32-x86_64\bin\java.dll
0x00007ff9c4450000 - 0x00007ff9c4bd4000 	C:\WINDOWS\System32\SHELL32.dll
0x00007ff9c13e0000 - 0x00007ff9c1c60000 	C:\WINDOWS\SYSTEM32\windows.storage.dll
0x00007ff9c5cc0000 - 0x00007ff9c5db6000 	C:\WINDOWS\System32\SHCORE.dll
0x00007ff9c51b0000 - 0x00007ff9c5217000 	C:\WINDOWS\System32\shlwapi.dll
0x00007ff9c3750000 - 0x00007ff9c3779000 	C:\WINDOWS\SYSTEM32\profapi.dll
0x00007ff98b070000 - 0x00007ff98b088000 	c:\Users\obasi\.vscode\extensions\redhat.java-1.54.0-win32-x64\jre\21.0.10-win32-x86_64\bin\zip.dll
0x00007ff9a2840000 - 0x00007ff9a2850000 	C:\Users\obasi\.vscode\extensions\redhat.java-1.54.0-win32-x64\jre\21.0.10-win32-x86_64\bin\net.dll
0x00007ff9bb090000 - 0x00007ff9bb1b9000 	C:\WINDOWS\SYSTEM32\WINHTTP.dll
0x00007ff9c2b30000 - 0x00007ff9c2b9c000 	C:\WINDOWS\system32\mswsock.dll
0x00007ff98d7b0000 - 0x00007ff98d7c6000 	C:\Users\obasi\.vscode\extensions\redhat.java-1.54.0-win32-x64\jre\21.0.10-win32-x86_64\bin\nio.dll
0x00007ff996dc0000 - 0x00007ff996dd0000 	c:\Users\obasi\.vscode\extensions\redhat.java-1.54.0-win32-x64\jre\21.0.10-win32-x86_64\bin\verify.dll
0x00007ff983300000 - 0x00007ff983345000 	C:\Users\obasi\AppData\Roaming\Code\User\globalStorage\redhat.java\1.54.0\config_win\org.eclipse.equinox.launcher\org.eclipse.equinox.launcher.win32.win32.x86_64_1.3.0.v20260203-2149\eclipse_11919.dll
0x00007ff9c5e80000 - 0x00007ff9c6018000 	C:\WINDOWS\System32\ole32.dll
0x00007ff9c2e10000 - 0x00007ff9c2e2b000 	C:\WINDOWS\SYSTEM32\CRYPTSP.dll
0x00007ff9c2520000 - 0x00007ff9c2559000 	C:\WINDOWS\system32\rsaenh.dll
0x00007ff9c2be0000 - 0x00007ff9c2c13000 	C:\WINDOWS\SYSTEM32\USERENV.dll
0x00007ff9c3720000 - 0x00007ff9c374a000 	C:\WINDOWS\SYSTEM32\bcrypt.dll
0x00007ff9c2e30000 - 0x00007ff9c2e3c000 	C:\WINDOWS\SYSTEM32\CRYPTBASE.dll
0x00007ff9c1f80000 - 0x00007ff9c1fb3000 	C:\WINDOWS\SYSTEM32\IPHLPAPI.DLL
0x00007ff9c5350000 - 0x00007ff9c535a000 	C:\WINDOWS\System32\NSI.dll
0x00007ff978f30000 - 0x00007ff978f79000 	C:\Users\obasi\AppData\Local\Temp\jna-105527236\jna8238676832484728746.dll
0x00007ff9c61c0000 - 0x00007ff9c61c8000 	C:\WINDOWS\System32\PSAPI.DLL
0x00007ff9bb860000 - 0x00007ff9bb87d000 	C:\WINDOWS\SYSTEM32\dhcpcsvc6.DLL
0x00007ff9ba810000 - 0x00007ff9ba835000 	C:\WINDOWS\SYSTEM32\dhcpcsvc.DLL
0x00007ff9a8780000 - 0x00007ff9a878e000 	C:\Users\obasi\.vscode\extensions\redhat.java-1.54.0-win32-x64\jre\21.0.10-win32-x86_64\bin\sunmscapi.dll
0x00007ff9c39c0000 - 0x00007ff9c3b38000 	C:\WINDOWS\System32\CRYPT32.dll
0x00007ff9c3030000 - 0x00007ff9c3060000 	C:\WINDOWS\SYSTEM32\ncrypt.dll
0x00007ff9c2fe0000 - 0x00007ff9c301f000 	C:\WINDOWS\SYSTEM32\NTASN1.dll
0x00007ff9c2010000 - 0x00007ff9c215a000 	C:\WINDOWS\SYSTEM32\DNSAPI.dll
0x00007ff9c2930000 - 0x00007ff9c293d000 	C:\WINDOWS\SYSTEM32\DSPARSE.dll
0x00007ff9bb760000 - 0x00007ff9bb76b000 	C:\Windows\System32\rasadhlp.dll
0x00007ff9b73c0000 - 0x00007ff9b7446000 	C:\WINDOWS\System32\fwpuclnt.dll
0x00007ff9a8770000 - 0x00007ff9a8779000 	C:\Users\obasi\.vscode\extensions\redhat.java-1.54.0-win32-x64\jre\21.0.10-win32-x86_64\bin\extnet.dll
0x00007ff995fd0000 - 0x00007ff995fda000 	C:\Users\obasi\.vscode\extensions\redhat.java-1.54.0-win32-x64\jre\21.0.10-win32-x86_64\bin\management.dll
0x00007ff995f80000 - 0x00007ff995f8c000 	C:\Users\obasi\.vscode\extensions\redhat.java-1.54.0-win32-x64\jre\21.0.10-win32-x86_64\bin\management_ext.dll
0x00007ff9c26e0000 - 0x00007ff9c2716000 	C:\WINDOWS\SYSTEM32\ntmarta.dll
0x00007ff97cf00000 - 0x00007ff97cf08000 	C:\WINDOWS\system32\wshunix.dll

JVMTI agents:
c:\Users\obasi\.vscode\extensions\redhat.java-1.54.0-win32-x64\lombok\lombok-1.18.39-4050.jar path:c:\Users\obasi\.vscode\extensions\redhat.java-1.54.0-win32-x64\jre\21.0.10-win32-x86_64\bin\instrument.dll, loaded, initialized, instrumentlib options:none

dbghelp: loaded successfully - version: 4.0.5 - missing functions: none
symbol engine: initialized successfully - sym options: 0x614 - pdb path: .;c:\Users\obasi\.vscode\extensions\redhat.java-1.54.0-win32-x64\jre\21.0.10-win32-x86_64\bin;C:\WINDOWS\SYSTEM32;C:\WINDOWS\WinSxS\amd64_microsoft.windows.common-controls_6595b64144ccf1df_6.0.26100.8521_none_3e08b75ce33403b3;c:\Users\obasi\.vscode\extensions\redhat.java-1.54.0-win32-x64\jre\21.0.10-win32-x86_64\bin\server;C:\Users\obasi\AppData\Roaming\Code\User\globalStorage\redhat.java\1.54.0\config_win\org.eclipse.equinox.launcher\org.eclipse.equinox.launcher.win32.win32.x86_64_1.3.0.v20260203-2149;C:\Users\obasi\AppData\Local\Temp\jna-105527236

VM Arguments:
jvm_args: --add-modules=ALL-SYSTEM --add-opens=java.base/java.util=ALL-UNNAMED --add-opens=java.base/java.lang=ALL-UNNAMED --add-opens=java.base/sun.nio.fs=ALL-UNNAMED -Declipse.application=org.eclipse.jdt.ls.core.id1 -Dosgi.bundles.defaultStartLevel=4 -Declipse.product=org.eclipse.jdt.ls.core.product -Djava.import.generatesMetadataFilesAtProjectRoot=false -DDetectVMInstallationsJob.disabled=true -Dfile.encoding=utf8 -XX:+UseParallelGC -XX:GCTimeRatio=4 -XX:AdaptiveSizePolicyWeight=90 -Dsun.zip.disableMemoryMapping=true -Xmx2G -Xms100m -Xlog:disable -javaagent:c:\Users\obasi\.vscode\extensions\redhat.java-1.54.0-win32-x64\lombok\lombok-1.18.39-4050.jar -XX:+HeapDumpOnOutOfMemoryError -XX:HeapDumpPath=c:\Users\obasi\AppData\Roaming\Code\User\workspaceStorage\97da0fc8d5437ef1b49163d3a763b376\redhat.java -Daether.dependencyCollector.impl=bf 
java_command: c:\Users\obasi\.vscode\extensions\redhat.java-1.54.0-win32-x64\server\plugins\org.eclipse.equinox.launcher_1.7.100.v20251111-0406.jar -configuration c:\Users\obasi\AppData\Roaming\Code\User\globalStorage\redhat.java\1.54.0\config_win -data c:\Users\obasi\AppData\Roaming\Code\User\workspaceStorage\97da0fc8d5437ef1b49163d3a763b376\redhat.java\jdt_ws --pipe=\\.\pipe\lsp-da9819430479671d1bdee412c5b6790b-sock
java_class_path (initial): c:\Users\obasi\.vscode\extensions\redhat.java-1.54.0-win32-x64\server\plugins\org.eclipse.equinox.launcher_1.7.100.v20251111-0406.jar
Launcher Type: SUN_STANDARD

[Global flags]
    uintx AdaptiveSizePolicyWeight                 = 90                                        {product} {command line}
     intx CICompilerCount                          = 4                                         {product} {ergonomic}
    uintx GCTimeRatio                              = 4                                         {product} {command line}
     bool HeapDumpOnOutOfMemoryError               = true                                   {manageable} {command line}
    ccstr HeapDumpPath                             = c:\Users\obasi\AppData\Roaming\Code\User\workspaceStorage\97da0fc8d5437ef1b49163d3a763b376\redhat.java         {manageable} {command line}
   size_t InitialHeapSize                          = 104857600                                 {product} {command line}
   size_t MaxHeapSize                              = 2147483648                                {product} {command line}
   size_t MaxNewSize                               = 715653120                                 {product} {ergonomic}
   size_t MinHeapDeltaBytes                        = 524288                                    {product} {ergonomic}
   size_t MinHeapSize                              = 104857600                                 {product} {command line}
   size_t NewSize                                  = 34603008                                  {product} {ergonomic}
    uintx NonNMethodCodeHeapSize                   = 5839372                                {pd product} {ergonomic}
    uintx NonProfiledCodeHeapSize                  = 122909434                              {pd product} {ergonomic}
   size_t OldSize                                  = 70254592                                  {product} {ergonomic}
    uintx ProfiledCodeHeapSize                     = 122909434                              {pd product} {ergonomic}
    uintx ReservedCodeCacheSize                    = 251658240                              {pd product} {ergonomic}
     bool SegmentedCodeCache                       = true                                      {product} {ergonomic}
   size_t SoftMaxHeapSize                          = 2147483648                             {manageable} {ergonomic}
     bool UseCompressedOops                        = true                           {product lp64_product} {ergonomic}
     bool UseLargePagesIndividualAllocation        = false                                  {pd product} {ergonomic}
     bool UseParallelGC                            = true                                      {product} {command line}

Logging:
Log output configuration:
 #0: stdout all=off uptime,level,tags foldmultilines=false
 #1: stderr all=off uptime,level,tags foldmultilines=false

Release file:
JAVA_VERSION="21.0.10" 
MODULES="java.base java.compiler java.datatransfer java.xml java.prefs java.desktop java.instrument java.logging java.management java.security.sasl java.naming java.rmi java.management.rmi java.net.http java.scripting java.security.jgss java.transaction.xa java.sql java.sql.rowset java.xml.crypto java.se java.smartcardio jdk.accessibility jdk.internal.jvmstat jdk.attach jdk.charsets jdk.internal.opt jdk.zipfs jdk.compiler jdk.crypto.ec jdk.crypto.cryptoki jdk.crypto.mscapi jdk.dynalink jdk.internal.ed jdk.editpad jdk.hotspot.agent jdk.httpserver jdk.internal.le jdk.internal.vm.ci jdk.internal.vm.compiler jdk.internal.vm.compiler.management jdk.jartool jdk.javadoc jdk.jcmd jdk.management jdk.management.agent jdk.jconsole jdk.jdeps jdk.jdwp.agent jdk.jdi jdk.jfr jdk.jshell jdk.jsobject jdk.jstatd jdk.localedata jdk.management.jfr jdk.naming.dns jdk.naming.rmi jdk.net jdk.nio.mapmode jdk.random jdk.sctp jdk.security.auth jdk.security.jgss jdk.unsupported jdk.unsupported.desktop jdk.xml.dom" 

Environment Variables:
PATH=C:\Program Files\Common Files\Oracle\Java\javapath;C:\app\obasi\product\21c\dbhomeXE\bin;C:\ProgramData\Oracle\Java\javapath;C:\WINDOWS\system32;C:\WINDOWS;C:\WINDOWS\System32\Wbem;C:\WINDOWS\System32\WindowsPowerShell\v1.0\;C:\WINDOWS\System32\OpenSSH\;C:\Program Files\dotnet\;C:\Program Files\PuTTY\;C:\Program Files\Amazon\AWSCLIV2\;C:\Program Files\Docker\Docker\resources\bin;C:\Program Files\Git\cmd;C:\Users\obasi\AppData\Local\Programs\Python\Launcher\;C:\Users\obasi\AppData\Local\Microsoft\WindowsApps;C:\Users\obasi\AppData\Local\Programs\Microsoft VS Code\bin;C:\terraform.zip;C:\Users\obasi\AppData\Local\GitHubDesktop\bin;C:\Users\obasi\AppData\Local\Microsoft\WinGet\Links;
USERNAME=obasi
OS=Windows_NT
PROCESSOR_IDENTIFIER=AMD64 Family 23 Model 24 Stepping 1, AuthenticAMD
TMP=C:\Users\obasi\AppData\Local\Temp
TEMP=C:\Users\obasi\AppData\Local\Temp




Periodic native trim disabled

---------------  S Y S T E M  ---------------

OS:
 Windows 11 , 64 bit Build 26100 (10.0.26100.8521)
OS uptime: 4 days 4:12 hours
Hyper-V role detected

CPU: total 8 (initial active 8) (8 cores per cpu, 2 threads per core) family 23 model 24 stepping 1 microcode 0x810810e, cx8, cmov, fxsr, ht, mmx, 3dnowpref, sse, sse2, sse3, ssse3, sse4a, sse4.1, sse4.2, popcnt, lzcnt, tsc, tscinvbit, avx, avx2, aes, clmul, bmi1, bmi2, adx, sha, fma, vzeroupper, clflush, clflushopt, hv, rdtscp, f16c
Processor Information for the first 8 processors :
  Max Mhz: 2100, Current Mhz: 2100, Mhz Limit: 2100

Memory: 4k page, system-wide physical 6030M (885M free)
TotalPageFile size 20623M (AvailPageFile size 130M)
current process WorkingSet (physical memory assigned to process): 247M, peak: 1389M
current process commit charge ("private bytes"): 1728M, peak: 1847M

vm_info: OpenJDK 64-Bit Server VM (21.0.10+7-LTS) for windows-amd64 JRE (21.0.10+7-LTS), built on 2026-01-20T00:00:00Z by "admin" with MS VC++ 17.12 (VS2022)

END.
