#
# There is insufficient memory for the Java Runtime Environment to continue.
# Native memory allocation (malloc) failed to allocate 1048576 bytes. Error detail: AllocateHeap
# Possible reasons:
#   The system is out of physical RAM or swap space
#   This process is running with CompressedOops enabled, and the Java Heap may be blocking the growth of the native heap
# Possible solutions:
#   Reduce memory load on the system
#   Increase physical memory or swap space
#   Check if swap backing store is full
#   Decrease Java heap size (-Xmx/-Xms)
#   Decrease number of Java threads
#   Decrease Java thread stack sizes (-Xss)
#   Set larger code cache with -XX:ReservedCodeCacheSize=
#   JVM is running with Unscaled Compressed Oops mode in which the Java heap is
#     placed in the first 4GB address space. The Java Heap base address is the
#     maximum limit for the native heap growth. Please use -XX:HeapBaseMinAddress
#     to set the Java Heap base and to place the Java Heap above 4GB virtual address.
# This output file may be truncated or incomplete.
#
#  Out of Memory Error (allocation.cpp:44), pid=2628, tid=15864
#
# JRE version: OpenJDK Runtime Environment Temurin-21.0.10+7 (21.0.10+7) (build 21.0.10+7-LTS)
# Java VM: OpenJDK 64-Bit Server VM Temurin-21.0.10+7 (21.0.10+7-LTS, mixed mode, sharing, tiered, compressed oops, compressed class ptrs, parallel gc, windows-amd64)
# No core dump will be written. Minidumps are not enabled by default on client versions of Windows
#

---------------  S U M M A R Y ------------

Command Line: --add-modules=ALL-SYSTEM --add-opens=java.base/java.util=ALL-UNNAMED --add-opens=java.base/java.lang=ALL-UNNAMED --add-opens=java.base/sun.nio.fs=ALL-UNNAMED -Declipse.application=org.eclipse.jdt.ls.core.id1 -Dosgi.bundles.defaultStartLevel=4 -Declipse.product=org.eclipse.jdt.ls.core.product -Djava.import.generatesMetadataFilesAtProjectRoot=false -DDetectVMInstallationsJob.disabled=true -Dfile.encoding=utf8 -XX:+UseParallelGC -XX:GCTimeRatio=4 -XX:AdaptiveSizePolicyWeight=90 -Dsun.zip.disableMemoryMapping=true -Xmx2G -Xms100m -Xlog:disable -javaagent:c:\Users\obasi\.vscode\extensions\redhat.java-1.54.0-win32-x64\lombok\lombok-1.18.39-4050.jar -XX:+HeapDumpOnOutOfMemoryError -XX:HeapDumpPath=c:\Users\obasi\AppData\Roaming\Code\User\workspaceStorage\97da0fc8d5437ef1b49163d3a763b376\redhat.java -Daether.dependencyCollector.impl=bf c:\Users\obasi\.vscode\extensions\redhat.java-1.54.0-win32-x64\server\plugins\org.eclipse.equinox.launcher_1.7.100.v20251111-0406.jar -configuration c:\Users\obasi\AppData\Roaming\Code\User\globalStorage\redhat.java\1.54.0\config_win -data c:\Users\obasi\AppData\Roaming\Code\User\workspaceStorage\97da0fc8d5437ef1b49163d3a763b376\redhat.java\jdt_ws --pipe=\\.\pipe\lsp-db402af324adbfde988416e8ef304931-sock

Host: AMD Ryzen 5 3450U with Radeon Vega Mobile Gfx  , 8 cores, 5G,  Windows 11 , 64 bit Build 26100 (10.0.26100.8521)
Time: Fri Jun 19 21:55:28 2026 Hora est. Sudamérica Pacífico elapsed time: 11477.755924 seconds (0d 3h 11m 17s)

---------------  T H R E A D  ---------------

Current thread (0x000001cb7dcf7780):  JavaThread "Attach Listener" daemon [_thread_in_vm, id=15864, stack(0x000000110ba00000,0x000000110bb00000) (1024K)]

Stack: [0x000000110ba00000,0x000000110bb00000]
Native frames: (J=compiled Java code, j=interpreted, Vv=VM code, C=native code)
V  [jvm.dll+0x6d7a39]
V  [jvm.dll+0x8b4b26]
V  [jvm.dll+0x8b70de]
V  [jvm.dll+0x8b77c3]
V  [jvm.dll+0x284346]
V  [jvm.dll+0xc1277]
V  [jvm.dll+0x6d82e9]
V  [jvm.dll+0x1334a6]
V  [jvm.dll+0x3f857e]
V  [jvm.dll+0x85f59d]
V  [jvm.dll+0x6d626d]
C  [ucrtbase.dll+0x2cd30]
C  [KERNEL32.DLL+0x2e957]
C  [ntdll.dll+0x87c1c]


---------------  P R O C E S S  ---------------

Threads class SMR info:
_java_thread_list=0x000001cb4b676ee0, length=81, elements={
0x000001cb68ff97f0, 0x000001cb6b33b7f0, 0x000001cb6b33e840, 0x000001cb7dcf6b20,
0x000001cb7dcf7780, 0x000001cb7dcfcde0, 0x000001cb7dd02e80, 0x000001cb7dd088c0,
0x000001cb7dd0ba10, 0x000001cb7f7962a0, 0x000001cb7f8a8db0, 0x000001cb49162b00,
0x000001cb492fbbe0, 0x000001cb497d88b0, 0x000001cb49869fa0, 0x000001cb49313490,
0x000001cb49a8b510, 0x000001cb498a13d0, 0x000001cb49c3a310, 0x000001cb4b208a20,
0x000001cb4b208390, 0x000001cb4b20b180, 0x000001cb4b20bea0, 0x000001cb4b20b810,
0x000001cb4b209740, 0x000001cb4b20ec90, 0x000001cb4b20d250, 0x000001cb4b20d8e0,
0x000001cb4b20df70, 0x000001cb4b20c530, 0x000001cb4b20cbc0, 0x000001cb4b20e600,
0x000001cb4b7bb410, 0x000001cb4d301ac0, 0x000001cb4d3055d0, 0x000001cb4dbe98a0,
0x000001cb4c5574a0, 0x000001cb4d303500, 0x000001cb4c5553d0, 0x000001cb4c554020,
0x000001cb4c551f50, 0x000001cb4c5525e0, 0x000001cb4c552c70, 0x000001cb4c5560f0,
0x000001cb4c553300, 0x000001cb4c556e10, 0x000001cb4c553990, 0x000001cb4c557b30,
0x000001cb4c5581c0, 0x000001cb4c558850, 0x000001cb4dbe9210, 0x000001cb4dbe9f30,
0x000001cb4dbea5c0, 0x000001cb4d613880, 0x000001cb4d615950, 0x000001cb4d615fe0,
0x000001cb4d613f10, 0x000001cb4d303b90, 0x000001cb4d301430, 0x000001cb4d304f40,
0x000001cb4b7b7900, 0x000001cb4c964e50, 0x000001cb4c9647c0, 0x000001cb49c395f0,
0x000001cb49c3a9a0, 0x000001cb4b7ba6f0, 0x000001cb4b7b7f90, 0x000001cb4b2090b0,
0x000001cb4b209dd0, 0x000001cb4b20aaf0, 0x000001cb4c9626f0, 0x000001cb4dbeac50,
0x000001cb4dbe77d0, 0x000001cb4b7bc7c0, 0x000001cb4b7bce50, 0x000001cb4d305c60,
0x000001cb49c38f60, 0x000001cb4d614c30, 0x000001cb4d302e70, 0x000001cb49c388d0,
0x000001cb4dbe8b80
}

Java Threads: ( => current thread )
  0x000001cb68ff97f0 JavaThread "main"                              [_thread_blocked, id=10464, stack(0x000000110b300000,0x000000110b400000) (1024K)]
  0x000001cb6b33b7f0 JavaThread "Reference Handler"          daemon [_thread_blocked, id=14496, stack(0x000000110b700000,0x000000110b800000) (1024K)]
  0x000001cb6b33e840 JavaThread "Finalizer"                  daemon [_thread_blocked, id=15700, stack(0x000000110b800000,0x000000110b900000) (1024K)]
  0x000001cb7dcf6b20 JavaThread "Signal Dispatcher"          daemon [_thread_blocked, id=1196, stack(0x000000110b900000,0x000000110ba00000) (1024K)]
=>0x000001cb7dcf7780 JavaThread "Attach Listener"            daemon [_thread_in_vm, id=15864, stack(0x000000110ba00000,0x000000110bb00000) (1024K)]
  0x000001cb7dcfcde0 JavaThread "Service Thread"             daemon [_thread_blocked, id=9912, stack(0x000000110bb00000,0x000000110bc00000) (1024K)]
  0x000001cb7dd02e80 JavaThread "Monitor Deflation Thread"   daemon [_thread_blocked, id=13280, stack(0x000000110bc00000,0x000000110bd00000) (1024K)]
  0x000001cb7dd088c0 JavaThread "C2 CompilerThread0"         daemon [_thread_blocked, id=10784, stack(0x000000110bd00000,0x000000110be00000) (1024K)]
  0x000001cb7dd0ba10 JavaThread "C1 CompilerThread0"         daemon [_thread_blocked, id=16176, stack(0x000000110be00000,0x000000110bf00000) (1024K)]
  0x000001cb7f7962a0 JavaThread "Common-Cleaner"             daemon [_thread_blocked, id=17376, stack(0x000000110bf00000,0x000000110c000000) (1024K)]
  0x000001cb7f8a8db0 JavaThread "Notification Thread"        daemon [_thread_blocked, id=1892, stack(0x000000110c000000,0x000000110c100000) (1024K)]
  0x000001cb49162b00 JavaThread "Active Thread: Equinox Container: 4aebf15f-48e9-49b5-9df8-d13582da730c"        [_thread_blocked, id=5532, stack(0x000000110c800000,0x000000110c900000) (1024K)]
  0x000001cb492fbbe0 JavaThread "Refresh Thread: Equinox Container: 4aebf15f-48e9-49b5-9df8-d13582da730c" daemon [_thread_blocked, id=2656, stack(0x000000110c900000,0x000000110ca00000) (1024K)]
  0x000001cb497d88b0 JavaThread "Framework Event Dispatcher: Equinox Container: 4aebf15f-48e9-49b5-9df8-d13582da730c" daemon [_thread_blocked, id=6172, stack(0x000000110ca00000,0x000000110cb00000) (1024K)]
  0x000001cb49869fa0 JavaThread "Start Level: Equinox Container: 4aebf15f-48e9-49b5-9df8-d13582da730c" daemon [_thread_blocked, id=4156, stack(0x000000110cb00000,0x000000110cc00000) (1024K)]
  0x000001cb49313490 JavaThread "Bundle File Closer"         daemon [_thread_blocked, id=19352, stack(0x000000110cd00000,0x000000110ce00000) (1024K)]
  0x000001cb49a8b510 JavaThread "SCR Component Actor"        daemon [_thread_blocked, id=18032, stack(0x000000110b100000,0x000000110b200000) (1024K)]
  0x000001cb498a13d0 JavaThread "Worker-JM"                         [_thread_blocked, id=14004, stack(0x000000110cf00000,0x000000110d000000) (1024K)]
  0x000001cb49c3a310 JavaThread "JNA Cleaner"                daemon [_thread_blocked, id=16284, stack(0x000000110cc00000,0x000000110cd00000) (1024K)]
  0x000001cb4b208a20 JavaThread "Java indexing"              daemon [_thread_blocked, id=10192, stack(0x000000110d500000,0x000000110d600000) (1024K)]
  0x000001cb4b208390 JavaThread "Thread-1"                   daemon [_thread_in_native, id=14460, stack(0x000000110db00000,0x000000110dc00000) (1024K)]
  0x000001cb4b20b180 JavaThread "Thread-2"                   daemon [_thread_in_native, id=1764, stack(0x000000110dc00000,0x000000110dd00000) (1024K)]
  0x000001cb4b20bea0 JavaThread "Thread-3"                   daemon [_thread_in_native, id=3240, stack(0x000000110dd00000,0x000000110de00000) (1024K)]
  0x000001cb4b20b810 JavaThread "Thread-4"                   daemon [_thread_in_native, id=15328, stack(0x000000110de00000,0x000000110df00000) (1024K)]
  0x000001cb4b209740 JavaThread "Thread-5"                   daemon [_thread_in_native, id=15308, stack(0x000000110df00000,0x000000110e000000) (1024K)]
  0x000001cb4b20ec90 JavaThread "Thread-6"                   daemon [_thread_in_native, id=5916, stack(0x000000110e000000,0x000000110e100000) (1024K)]
  0x000001cb4b20d250 JavaThread "Thread-7"                   daemon [_thread_in_native, id=2028, stack(0x000000110e100000,0x000000110e200000) (1024K)]
  0x000001cb4b20d8e0 JavaThread "Thread-8"                   daemon [_thread_in_native, id=856, stack(0x000000110e200000,0x000000110e300000) (1024K)]
  0x000001cb4b20df70 JavaThread "Thread-9"                   daemon [_thread_in_native, id=11628, stack(0x000000110e300000,0x000000110e400000) (1024K)]
  0x000001cb4b20c530 JavaThread "pool-2-thread-1"                   [_thread_blocked, id=9552, stack(0x000000110e400000,0x000000110e500000) (1024K)]
  0x000001cb4b20cbc0 JavaThread "WorkspaceEventsHandler"            [_thread_blocked, id=13344, stack(0x000000110b000000,0x000000110b100000) (1024K)]
  0x000001cb4b20e600 JavaThread "pool-1-thread-1"                   [_thread_blocked, id=18536, stack(0x000000110e500000,0x000000110e600000) (1024K)]
  0x000001cb4b7bb410 JavaThread "Cleaner-0"                  daemon [_thread_blocked, id=20116, stack(0x000000110d700000,0x000000110d800000) (1024K)]
  0x000001cb4d301ac0 JavaThread "Java Debug Server"          daemon [_thread_in_native, id=7616, stack(0x000000110d800000,0x000000110d900000) (1024K)]
  0x000001cb4d3055d0 JavaThread "RxSchedulerPurge-1"         daemon [_thread_blocked, id=19968, stack(0x000000110e600000,0x000000110e700000) (1024K)]
  0x000001cb4dbe98a0 JavaThread "RxCachedWorkerPoolEvictor-1" daemon [_thread_blocked, id=2456, stack(0x000000110e700000,0x000000110e800000) (1024K)]
  0x000001cb4c5574a0 JavaThread "ForkJoinPool.commonPool-worker-34" daemon [_thread_blocked, id=25784, stack(0x000000110e900000,0x000000110ea00000) (1024K)]
  0x000001cb4d303500 JavaThread "Worker-22"                         [_thread_blocked, id=14060, stack(0x000000110ce00000,0x000000110cf00000) (1024K)]
  0x000001cb4c5553d0 JavaThread "Worker-24"                         [_thread_blocked, id=28420, stack(0x000000110d900000,0x000000110da00000) (1024K)]
  0x000001cb4c554020 JavaThread "ForkJoinPool.commonPool-worker-35" daemon [_thread_blocked, id=26848, stack(0x000000110b200000,0x000000110b300000) (1024K)]
  0x000001cb4c551f50 JavaThread "Worker-26"                         [_thread_blocked, id=27272, stack(0x000000110d000000,0x000000110d100000) (1024K)]
  0x000001cb4c5525e0 JavaThread "ForkJoinPool.commonPool-worker-36" daemon [_thread_blocked, id=31776, stack(0x000000110d100000,0x000000110d200000) (1024K)]
  0x000001cb4c552c70 JavaThread "ForkJoinPool.commonPool-worker-37" daemon [_thread_blocked, id=14284, stack(0x000000110d200000,0x000000110d300000) (1024K)]
  0x000001cb4c5560f0 JavaThread "ForkJoinPool.commonPool-worker-38" daemon [_thread_blocked, id=30192, stack(0x000000110d300000,0x000000110d400000) (1024K)]
  0x000001cb4c553300 JavaThread "ForkJoinPool.commonPool-worker-39" daemon [_thread_blocked, id=19732, stack(0x000000110d400000,0x000000110d500000) (1024K)]
  0x000001cb4c556e10 JavaThread "ForkJoinPool.commonPool-worker-40" daemon [_thread_blocked, id=22444, stack(0x000000110d600000,0x000000110d700000) (1024K)]
  0x000001cb4c553990 JavaThread "pool-12-thread-10"                 [_thread_in_native, id=33100, stack(0x000000110da00000,0x000000110db00000) (1024K)]
  0x000001cb4c557b30 JavaThread "RxNewThreadScheduler-33"    daemon [_thread_blocked, id=31192, stack(0x000000110e800000,0x000000110e900000) (1024K)]
  0x000001cb4c5581c0 JavaThread "process reaper (pid 10776)" daemon [_thread_in_native, id=27100, stack(0x000000110ada0000,0x000000110adc0000) (128K)]
  0x000001cb4c558850 JavaThread "pool-12-thread-11"                 [_thread_in_native, id=30596, stack(0x000000110eb00000,0x000000110ec00000) (1024K)]
  0x000001cb4dbe9210 JavaThread "Worker-27"                         [_thread_blocked, id=17048, stack(0x000000110ed00000,0x000000110ee00000) (1024K)]
  0x000001cb4dbe9f30 JavaThread "process reaper (pid 21964)" daemon [_thread_in_native, id=33460, stack(0x000000110adc0000,0x000000110ade0000) (128K)]
  0x000001cb4dbea5c0 JavaThread "pool-12-thread-13"                 [_thread_in_native, id=29228, stack(0x000000110f200000,0x000000110f300000) (1024K)]
  0x000001cb4d613880 JavaThread "RxNewThreadScheduler-39"    daemon [_thread_blocked, id=4960, stack(0x000000110f300000,0x000000110f400000) (1024K)]
  0x000001cb4d615950 JavaThread "process reaper (pid 29404)" daemon [_thread_in_native, id=23184, stack(0x000000110ade0000,0x000000110ae00000) (128K)]
  0x000001cb4d615fe0 JavaThread "pool-12-thread-14"                 [_thread_in_native, id=29184, stack(0x000000110f100000,0x000000110f200000) (1024K)]
  0x000001cb4d613f10 JavaThread "RxNewThreadScheduler-41"    daemon [_thread_blocked, id=31852, stack(0x000000110f400000,0x000000110f500000) (1024K)]
  0x000001cb4d303b90 JavaThread "pool-12-thread-15"                 [_thread_in_native, id=20780, stack(0x000000110f600000,0x000000110f700000) (1024K)]
  0x000001cb4d301430 JavaThread "RxNewThreadScheduler-43"    daemon [_thread_blocked, id=21636, stack(0x000000110f800000,0x000000110f900000) (1024K)]
  0x000001cb4d304f40 JavaThread "pool-12-thread-16"                 [_thread_in_native, id=21084, stack(0x000000110f900000,0x000000110fa00000) (1024K)]
  0x000001cb4b7b7900 JavaThread "pool-12-thread-17"                 [_thread_in_native, id=25940, stack(0x000000110fc00000,0x000000110fd00000) (1024K)]
  0x000001cb4c964e50 JavaThread "pool-12-thread-18"                 [_thread_in_native, id=29604, stack(0x000000110ff00000,0x0000001110000000) (1024K)]
  0x000001cb4c9647c0 JavaThread "RxNewThreadScheduler-49"    daemon [_thread_blocked, id=19120, stack(0x0000001110100000,0x0000001110200000) (1024K)]
  0x000001cb49c395f0 JavaThread "RxNewThreadScheduler-51"    daemon [_thread_blocked, id=25948, stack(0x000000110ec00000,0x000000110ed00000) (1024K)]
  0x000001cb49c3a9a0 JavaThread "RxNewThreadScheduler-53"    daemon [_thread_blocked, id=32064, stack(0x000000110fb00000,0x000000110fc00000) (1024K)]
  0x000001cb4b7ba6f0 JavaThread "RxNewThreadScheduler-55"    daemon [_thread_blocked, id=24064, stack(0x000000110fd00000,0x000000110fe00000) (1024K)]
  0x000001cb4b7b7f90 JavaThread "process reaper (pid 22836)" daemon [_thread_in_native, id=19180, stack(0x000000110fe00000,0x000000110fe20000) (128K)]
  0x000001cb4b2090b0 JavaThread "process reaper (pid 14000)" daemon [_thread_in_native, id=31760, stack(0x000000110f700000,0x000000110f720000) (128K)]
  0x000001cb4b209dd0 JavaThread "pool-12-thread-19"                 [_thread_in_native, id=26100, stack(0x000000110f500000,0x000000110f600000) (1024K)]
  0x000001cb4b20aaf0 JavaThread "RxNewThreadScheduler-57"    daemon [_thread_blocked, id=8656, stack(0x0000001110000000,0x0000001110100000) (1024K)]
  0x000001cb4c9626f0 JavaThread "process reaper (pid 19108)" daemon [_thread_in_native, id=21976, stack(0x000000110ea00000,0x000000110ea20000) (128K)]
  0x000001cb4dbeac50 JavaThread "process reaper (pid 28016)" daemon [_thread_in_native, id=14748, stack(0x000000110ea20000,0x000000110ea40000) (128K)]
  0x000001cb4dbe77d0 JavaThread "Worker-28"                         [_thread_blocked, id=9996, stack(0x000000110ef00000,0x000000110f000000) (1024K)]
  0x000001cb4b7bc7c0 JavaThread "process reaper (pid 27380)" daemon [_thread_in_native, id=19892, stack(0x000000110ea40000,0x000000110ea60000) (128K)]
  0x000001cb4b7bce50 JavaThread "process reaper (pid 33636)" daemon [_thread_in_native, id=3348, stack(0x000000110ea60000,0x000000110ea80000) (128K)]
  0x000001cb4d305c60 JavaThread "pool-12-thread-20"                 [_thread_in_native, id=33744, stack(0x000000110ee00000,0x000000110ef00000) (1024K)]
  0x000001cb49c38f60 JavaThread "pool-12-thread-22"                 [_thread_in_native, id=32912, stack(0x0000001110600000,0x0000001110700000) (1024K)]
  0x000001cb4d614c30 JavaThread "RxNewThreadScheduler-63"    daemon [_thread_blocked, id=31208, stack(0x0000001110900000,0x0000001110a00000) (1024K)]
  0x000001cb4d302e70 JavaThread "RxNewThreadScheduler-64"    daemon [_thread_blocked, id=32464, stack(0x0000001110200000,0x0000001110300000) (1024K)]
  0x000001cb49c388d0 JavaThread "RxNewThreadScheduler-65"    daemon [_thread_blocked, id=31512, stack(0x0000001110400000,0x0000001110500000) (1024K)]
  0x000001cb4dbe8b80 JavaThread "Timer-32"                          [_thread_blocked, id=29820, stack(0x0000001110500000,0x0000001110600000) (1024K)]
Total: 81

Other Threads:
  0x000001cb7dcf14b0 VMThread "VM Thread"                           [id=13192, stack(0x000000110b600000,0x000000110b700000) (1024K)] _threads_hazard_ptr=0x000001cb4b676ee0
  0x000001cb7dc0ca00 WatcherThread "VM Periodic Task Thread"        [id=9484, stack(0x000000110b500000,0x000000110b600000) (1024K)]
  0x000001cb6b29cfd0 WorkerThread "GC Thread#0"                     [id=13732, stack(0x000000110b400000,0x000000110b500000) (1024K)]
  0x000001cb494dad10 WorkerThread "GC Thread#1"                     [id=10696, stack(0x000000110c200000,0x000000110c300000) (1024K)]
  0x000001cb494dbc30 WorkerThread "GC Thread#2"                     [id=8552, stack(0x000000110c300000,0x000000110c400000) (1024K)]
  0x000001cb494dbfe0 WorkerThread "GC Thread#3"                     [id=3568, stack(0x000000110c400000,0x000000110c500000) (1024K)]
  0x000001cb496424e0 WorkerThread "GC Thread#4"                     [id=5404, stack(0x000000110c500000,0x000000110c600000) (1024K)]
  0x000001cb49642890 WorkerThread "GC Thread#5"                     [id=8580, stack(0x000000110c600000,0x000000110c700000) (1024K)]
  0x000001cb49642c40 WorkerThread "GC Thread#6"                     [id=4676, stack(0x000000110c700000,0x000000110c800000) (1024K)]
  0x000001cb7dd2ebe0 WorkerThread "GC Thread#7"                     [id=12256, stack(0x000000110c100000,0x000000110c200000) (1024K)]
Total: 10

Threads with active compile tasks:
Total: 0

VM state: synchronizing (normal execution)

VM Mutex/Monitor currently owned by a thread:  ([mutex/lock_event])
[0x00007ffcba86e560] Threads_lock - owner thread: 0x000001cb7dcf14b0

Heap address: 0x0000000080000000, size: 2048 MB, Compressed Oops mode: 32-bit

CDS archive(s) mapped at: [0x000001cb04000000-0x000001cb04ba0000-0x000001cb04ba0000), size 12189696, SharedBaseAddress: 0x000001cb04000000, ArchiveRelocationMode: 1.
Compressed class space mapped at: 0x000001cb05000000-0x000001cb45000000, reserved size: 1073741824
Narrow klass base: 0x000001cb04000000, Narrow klass shift: 0, Narrow klass range: 0x100000000

GC Precious Log:
 CardTable entry size: 512
 CPUs: 8 total, 8 available
 Memory: 6030M
 Large Page Support: Disabled
 NUMA Support: Disabled
 Compressed Oops: Enabled (32-bit)
 Alignments: Space 512K, Generation 512K, Heap 2M
 Heap Min Capacity: 100M
 Heap Initial Capacity: 100M
 Heap Max Capacity: 2G
 Pre-touch: Disabled
 Parallel Workers: 8

Heap:
 PSYoungGen      total 4608K, used 3379K [0x00000000d5580000, 0x00000000d5d80000, 0x0000000100000000)
  eden space 4096K, 72% used [0x00000000d5580000,0x00000000d5864d50,0x00000000d5980000)
  from space 512K, 81% used [0x00000000d5d00000,0x00000000d5d68000,0x00000000d5d80000)
  to   space 512K, 0% used [0x00000000d5c80000,0x00000000d5c80000,0x00000000d5d00000)
 ParOldGen       total 1292288K, used 1292040K [0x0000000080000000, 0x00000000cee00000, 0x00000000d5580000)
  object space 1292288K, 99% used [0x0000000080000000,0x00000000cedc2058,0x00000000cee00000)
 Metaspace       used 104012K, committed 106560K, reserved 1179648K
  class space    used 10866K, committed 12032K, reserved 1048576K

Card table byte_map: [0x000001cb6ac40000,0x000001cb6b050000] _byte_map_base: 0x000001cb6a840000

Marking Bits: (ParMarkBitMap*) 0x00007ffcba873450
 Begin Bits: [0x000001cb00000000, 0x000001cb02000000)
 End Bits:   [0x000001cb02000000, 0x000001cb04000000)

Polling page: 0x000001cb69340000

Metaspace:

Usage:
  Non-class:     90.96 MB used.
      Class:     10.61 MB used.
       Both:    101.57 MB used.

Virtual space:
  Non-class space:      128.00 MB reserved,      92.31 MB ( 72%) committed,  2 nodes.
      Class space:        1.00 GB reserved,      11.75 MB (  1%) committed,  1 nodes.
             Both:        1.12 GB reserved,     104.06 MB (  9%) committed. 

Chunk freelists:
   Non-Class:  3.08 MB
       Class:  4.31 MB
        Both:  7.38 MB

MaxMetaspaceSize: unlimited
CompressedClassSpaceSize: 1.00 GB
Initial GC threshold: 21.00 MB
Current GC threshold: 153.38 MB
CDS: on
 - commit_granule_bytes: 65536.
 - commit_granule_words: 8192.
 - virtual_space_node_default_size: 8388608.
 - enlarge_chunks_in_place: 1.
 - use_allocation_guard: 0.


Internal statistics:

num_allocs_failed_limit: 9.
num_arena_births: 2058.
num_arena_deaths: 22.
num_vsnodes_births: 3.
num_vsnodes_deaths: 0.
num_space_committed: 1671.
num_space_uncommitted: 2.
num_chunks_returned_to_freelist: 51.
num_chunks_taken_from_freelist: 7427.
num_chunk_merges: 20.
num_chunk_splits: 4443.
num_chunks_enlarged: 2394.
num_inconsistent_stats: 0.

CodeHeap 'non-profiled nmethods': size=120000Kb used=28878Kb max_used=28878Kb free=91121Kb
 bounds [0x000001cb75f50000, 0x000001cb77b90000, 0x000001cb7d480000]
CodeHeap 'profiled nmethods': size=120000Kb used=54193Kb max_used=54193Kb free=65806Kb
 bounds [0x000001cb6e480000, 0x000001cb71970000, 0x000001cb759b0000]
CodeHeap 'non-nmethods': size=5760Kb used=1542Kb max_used=1618Kb free=4217Kb
 bounds [0x000001cb759b0000, 0x000001cb75c20000, 0x000001cb75f50000]
CodeCache: size=245760Kb, used=84613Kb, max_used=84689Kb, free=161144Kb
 total_blobs=23378, nmethods=22509, adapters=770, full_count=0
Compilation: enabled, stopped_count=0, restarted_count=0

Compilation events (20 events):
Event: 11438.252 Thread 0x000001cb7dd0ba10 nmethod 28148 0x000001cb71967b90 code [0x000001cb71967d60, 0x000001cb71968150]
Event: 11438.260 Thread 0x000001cb7dd088c0 nmethod 28147 0x000001cb77b81190 code [0x000001cb77b81340, 0x000001cb77b815c8]
Event: 11438.359 Thread 0x000001cb7dd0ba10 28149       3       org.apache.commons.lang3.ArrayUtils::isNotEmpty (13 bytes)
Event: 11438.362 Thread 0x000001cb7dd0ba10 nmethod 28149 0x000001cb71968290 code [0x000001cb71968460, 0x000001cb71968770]
Event: 11438.363 Thread 0x000001cb7dd0ba10 28150       3       io.reactivex.Observable::<init> (5 bytes)
Event: 11438.364 Thread 0x000001cb7dd0ba10 nmethod 28150 0x000001cb71968890 code [0x000001cb71968a40, 0x000001cb71968ba8]
Event: 11441.302 Thread 0x000001cb7dd088c0 28151       4       org.eclipse.m2e.core.internal.project.registry.MavenProjectCache::getContextProjectMap (51 bytes)
Event: 11441.556 Thread 0x000001cb7dd088c0 nmethod 28151 0x000001cb77b81790 code [0x000001cb77b819e0, 0x000001cb77b82198]
Event: 11449.452 Thread 0x000001cb7dd088c0 28152       4       java.util.Map::computeIfAbsent (45 bytes)
Event: 11450.484 Thread 0x000001cb7dd088c0 nmethod 28152 0x000001cb77b82890 code [0x000001cb77b82a80, 0x000001cb77b82f38]
Event: 11450.960 Thread 0x000001cb7dd088c0 28153       4       com.microsoft.java.debug.core.adapter.IDebugRequestHandler::initialize (1 bytes)
Event: 11450.960 Thread 0x000001cb7dd088c0 nmethod 28153 0x000001cb77b83310 code [0x000001cb77b834a0, 0x000001cb77b83528]
Event: 11451.175 Thread 0x000001cb7dd088c0 28154       4       java.lang.invoke.DirectMethodHandle$Holder::putBoolean (31 bytes)
Event: 11451.286 Thread 0x000001cb7dd088c0 nmethod 28154 0x000001cb77b83610 code [0x000001cb77b837a0, 0x000001cb77b83878]
Event: 11451.720 Thread 0x000001cb7dd0ba10 28155       3       java.math.MutableBigInteger::toBigInteger (28 bytes)
Event: 11451.884 Thread 0x000001cb7dd0ba10 nmethod 28155 0x000001cb71968c90 code [0x000001cb71968e60, 0x000001cb719690f0]
Event: 11472.151 Thread 0x000001cb7dd0ba10 28156       3       java.lang.StackTraceElement::toString (298 bytes)
Event: 11472.176 Thread 0x000001cb7dd0ba10 nmethod 28156 0x000001cb71969210 code [0x000001cb719696c0, 0x000001cb7196b5f8]
Event: 11472.176 Thread 0x000001cb7dd0ba10 28157       3       java.lang.StackTraceElement::dropClassLoaderName (16 bytes)
Event: 11472.176 Thread 0x000001cb7dd0ba10 nmethod 28157 0x000001cb7196c190 code [0x000001cb7196c320, 0x000001cb7196c488]

GC Heap History (20 events):
Event: 11427.802 GC heap before
{Heap before GC invocations=3608 (full 6):
 PSYoungGen      total 5120K, used 4884K [0x00000000d5580000, 0x00000000d5b80000, 0x0000000100000000)
  eden space 4096K, 100% used [0x00000000d5580000,0x00000000d5980000,0x00000000d5980000)
  from space 1024K, 77% used [0x00000000d5a80000,0x00000000d5b45220,0x00000000d5b80000)
  to   space 1024K, 0% used [0x00000000d5980000,0x00000000d5980000,0x00000000d5a80000)
 ParOldGen       total 1289216K, used 1289105K [0x0000000080000000, 0x00000000ceb00000, 0x00000000d5580000)
  object space 1289216K, 99% used [0x0000000080000000,0x00000000ceae4620,0x00000000ceb00000)
 Metaspace       used 103944K, committed 106432K, reserved 1179648K
  class space    used 10861K, committed 12032K, reserved 1048576K
}
Event: 11427.819 GC heap after
{Heap after GC invocations=3608 (full 6):
 PSYoungGen      total 5120K, used 308K [0x00000000d5580000, 0x00000000d5b80000, 0x0000000100000000)
  eden space 4096K, 0% used [0x00000000d5580000,0x00000000d5580000,0x00000000d5980000)
  from space 1024K, 30% used [0x00000000d5980000,0x00000000d59cd200,0x00000000d5a80000)
  to   space 512K, 0% used [0x00000000d5b00000,0x00000000d5b00000,0x00000000d5b80000)
 ParOldGen       total 1289728K, used 1289705K [0x0000000080000000, 0x00000000ceb80000, 0x00000000d5580000)
  object space 1289728K, 99% used [0x0000000080000000,0x00000000ceb7a640,0x00000000ceb80000)
 Metaspace       used 103944K, committed 106432K, reserved 1179648K
  class space    used 10861K, committed 12032K, reserved 1048576K
}
Event: 11428.204 GC heap before
{Heap before GC invocations=3609 (full 6):
 PSYoungGen      total 5120K, used 4404K [0x00000000d5580000, 0x00000000d5b80000, 0x0000000100000000)
  eden space 4096K, 99% used [0x00000000d5580000,0x00000000d597fff8,0x00000000d5980000)
  from space 1024K, 30% used [0x00000000d5980000,0x00000000d59cd200,0x00000000d5a80000)
  to   space 512K, 0% used [0x00000000d5b00000,0x00000000d5b00000,0x00000000d5b80000)
 ParOldGen       total 1289728K, used 1289705K [0x0000000080000000, 0x00000000ceb80000, 0x00000000d5580000)
  object space 1289728K, 99% used [0x0000000080000000,0x00000000ceb7a640,0x00000000ceb80000)
 Metaspace       used 103949K, committed 106496K, reserved 1179648K
  class space    used 10861K, committed 12032K, reserved 1048576K
}
Event: 11428.210 GC heap after
{Heap after GC invocations=3609 (full 6):
 PSYoungGen      total 4608K, used 128K [0x00000000d5580000, 0x00000000d5b80000, 0x0000000100000000)
  eden space 4096K, 0% used [0x00000000d5580000,0x00000000d5580000,0x00000000d5980000)
  from space 512K, 25% used [0x00000000d5b00000,0x00000000d5b20000,0x00000000d5b80000)
  to   space 512K, 0% used [0x00000000d5a80000,0x00000000d5a80000,0x00000000d5b00000)
 ParOldGen       total 1290240K, used 1289737K [0x0000000080000000, 0x00000000cec00000, 0x00000000d5580000)
  object space 1290240K, 99% used [0x0000000080000000,0x00000000ceb82640,0x00000000cec00000)
 Metaspace       used 103949K, committed 106496K, reserved 1179648K
  class space    used 10861K, committed 12032K, reserved 1048576K
}
Event: 11430.234 GC heap before
{Heap before GC invocations=3610 (full 6):
 PSYoungGen      total 4608K, used 4224K [0x00000000d5580000, 0x00000000d5b80000, 0x0000000100000000)
  eden space 4096K, 100% used [0x00000000d5580000,0x00000000d5980000,0x00000000d5980000)
  from space 512K, 25% used [0x00000000d5b00000,0x00000000d5b20000,0x00000000d5b80000)
  to   space 512K, 0% used [0x00000000d5a80000,0x00000000d5a80000,0x00000000d5b00000)
 ParOldGen       total 1290240K, used 1289737K [0x0000000080000000, 0x00000000cec00000, 0x00000000d5580000)
  object space 1290240K, 99% used [0x0000000080000000,0x00000000ceb82640,0x00000000cec00000)
 Metaspace       used 103953K, committed 106496K, reserved 1179648K
  class space    used 10861K, committed 12032K, reserved 1048576K
}
Event: 11430.240 GC heap after
{Heap after GC invocations=3610 (full 6):
 PSYoungGen      total 4608K, used 496K [0x00000000d5580000, 0x00000000d5b80000, 0x0000000100000000)
  eden space 4096K, 0% used [0x00000000d5580000,0x00000000d5580000,0x00000000d5980000)
  from space 512K, 96% used [0x00000000d5a80000,0x00000000d5afc070,0x00000000d5b00000)
  to   space 512K, 0% used [0x00000000d5b00000,0x00000000d5b00000,0x00000000d5b80000)
 ParOldGen       total 1290240K, used 1289783K [0x0000000080000000, 0x00000000cec00000, 0x00000000d5580000)
  object space 1290240K, 99% used [0x0000000080000000,0x00000000ceb8df38,0x00000000cec00000)
 Metaspace       used 103953K, committed 106496K, reserved 1179648K
  class space    used 10861K, committed 12032K, reserved 1048576K
}
Event: 11437.904 GC heap before
{Heap before GC invocations=3611 (full 6):
 PSYoungGen      total 4608K, used 4592K [0x00000000d5580000, 0x00000000d5b80000, 0x0000000100000000)
  eden space 4096K, 100% used [0x00000000d5580000,0x00000000d5980000,0x00000000d5980000)
  from space 512K, 96% used [0x00000000d5a80000,0x00000000d5afc070,0x00000000d5b00000)
  to   space 512K, 0% used [0x00000000d5b00000,0x00000000d5b00000,0x00000000d5b80000)
 ParOldGen       total 1290240K, used 1289783K [0x0000000080000000, 0x00000000cec00000, 0x00000000d5580000)
  object space 1290240K, 99% used [0x0000000080000000,0x00000000ceb8df38,0x00000000cec00000)
 Metaspace       used 103956K, committed 106496K, reserved 1179648K
  class space    used 10861K, committed 12032K, reserved 1048576K
}
Event: 11437.912 GC heap after
{Heap after GC invocations=3611 (full 6):
 PSYoungGen      total 4608K, used 320K [0x00000000d5580000, 0x00000000d5b80000, 0x0000000100000000)
  eden space 4096K, 0% used [0x00000000d5580000,0x00000000d5580000,0x00000000d5980000)
  from space 512K, 62% used [0x00000000d5b00000,0x00000000d5b50010,0x00000000d5b80000)
  to   space 512K, 0% used [0x00000000d5a80000,0x00000000d5a80000,0x00000000d5b00000)
 ParOldGen       total 1290240K, used 1290151K [0x0000000080000000, 0x00000000cec00000, 0x00000000d5580000)
  object space 1290240K, 99% used [0x0000000080000000,0x00000000cebe9ff8,0x00000000cec00000)
 Metaspace       used 103956K, committed 106496K, reserved 1179648K
  class space    used 10861K, committed 12032K, reserved 1048576K
}
Event: 11438.444 GC heap before
{Heap before GC invocations=3612 (full 6):
 PSYoungGen      total 4608K, used 4221K [0x00000000d5580000, 0x00000000d5b80000, 0x0000000100000000)
  eden space 4096K, 95% used [0x00000000d5580000,0x00000000d594f618,0x00000000d5980000)
  from space 512K, 62% used [0x00000000d5b00000,0x00000000d5b50010,0x00000000d5b80000)
  to   space 512K, 0% used [0x00000000d5a80000,0x00000000d5a80000,0x00000000d5b00000)
 ParOldGen       total 1290240K, used 1290151K [0x0000000080000000, 0x00000000cec00000, 0x00000000d5580000)
  object space 1290240K, 99% used [0x0000000080000000,0x00000000cebe9ff8,0x00000000cec00000)
 Metaspace       used 103981K, committed 106560K, reserved 1179648K
  class space    used 10861K, committed 12032K, reserved 1048576K
}
Event: 11438.457 GC heap after
{Heap after GC invocations=3612 (full 6):
 PSYoungGen      total 4608K, used 448K [0x00000000d5580000, 0x00000000d5b80000, 0x0000000100000000)
  eden space 4096K, 0% used [0x00000000d5580000,0x00000000d5580000,0x00000000d5980000)
  from space 512K, 87% used [0x00000000d5a80000,0x00000000d5af0030,0x00000000d5b00000)
  to   space 512K, 0% used [0x00000000d5b00000,0x00000000d5b00000,0x00000000d5b80000)
 ParOldGen       total 1290752K, used 1290296K [0x0000000080000000, 0x00000000cec80000, 0x00000000d5580000)
  object space 1290752K, 99% used [0x0000000080000000,0x00000000cec0e008,0x00000000cec80000)
 Metaspace       used 103981K, committed 106560K, reserved 1179648K
  class space    used 10861K, committed 12032K, reserved 1048576K
}
Event: 11438.985 GC heap before
{Heap before GC invocations=3613 (full 6):
 PSYoungGen      total 4608K, used 4522K [0x00000000d5580000, 0x00000000d5b80000, 0x0000000100000000)
  eden space 4096K, 99% used [0x00000000d5580000,0x00000000d597ab70,0x00000000d5980000)
  from space 512K, 87% used [0x00000000d5a80000,0x00000000d5af0030,0x00000000d5b00000)
  to   space 512K, 0% used [0x00000000d5b00000,0x00000000d5b00000,0x00000000d5b80000)
 ParOldGen       total 1290752K, used 1290296K [0x0000000080000000, 0x00000000cec80000, 0x00000000d5580000)
  object space 1290752K, 99% used [0x0000000080000000,0x00000000cec0e008,0x00000000cec80000)
 Metaspace       used 103981K, committed 106560K, reserved 1179648K
  class space    used 10861K, committed 12032K, reserved 1048576K
}
Event: 11438.992 GC heap after
{Heap after GC invocations=3613 (full 6):
 PSYoungGen      total 4608K, used 496K [0x00000000d5580000, 0x00000000d5b80000, 0x0000000100000000)
  eden space 4096K, 0% used [0x00000000d5580000,0x00000000d5580000,0x00000000d5980000)
  from space 512K, 96% used [0x00000000d5b00000,0x00000000d5b7c020,0x00000000d5b80000)
  to   space 1024K, 0% used [0x00000000d5980000,0x00000000d5980000,0x00000000d5a80000)
 ParOldGen       total 1290752K, used 1290304K [0x0000000080000000, 0x00000000cec80000, 0x00000000d5580000)
  object space 1290752K, 99% used [0x0000000080000000,0x00000000cec10008,0x00000000cec80000)
 Metaspace       used 103981K, committed 106560K, reserved 1179648K
  class space    used 10861K, committed 12032K, reserved 1048576K
}
Event: 11439.441 GC heap before
{Heap before GC invocations=3614 (full 6):
 PSYoungGen      total 4608K, used 4592K [0x00000000d5580000, 0x00000000d5b80000, 0x0000000100000000)
  eden space 4096K, 100% used [0x00000000d5580000,0x00000000d5980000,0x00000000d5980000)
  from space 512K, 96% used [0x00000000d5b00000,0x00000000d5b7c020,0x00000000d5b80000)
  to   space 1024K, 0% used [0x00000000d5980000,0x00000000d5980000,0x00000000d5a80000)
 ParOldGen       total 1290752K, used 1290304K [0x0000000080000000, 0x00000000cec80000, 0x00000000d5580000)
  object space 1290752K, 99% used [0x0000000080000000,0x00000000cec10008,0x00000000cec80000)
 Metaspace       used 103981K, committed 106560K, reserved 1179648K
  class space    used 10861K, committed 12032K, reserved 1048576K
}
Event: 11439.448 GC heap after
{Heap after GC invocations=3614 (full 6):
 PSYoungGen      total 5120K, used 1000K [0x00000000d5580000, 0x00000000d6080000, 0x0000000100000000)
  eden space 4096K, 0% used [0x00000000d5580000,0x00000000d5580000,0x00000000d5980000)
  from space 1024K, 97% used [0x00000000d5980000,0x00000000d5a7a1c0,0x00000000d5a80000)
  to   space 3584K, 0% used [0x00000000d5d00000,0x00000000d5d00000,0x00000000d6080000)
 ParOldGen       total 1292288K, used 1292024K [0x0000000080000000, 0x00000000cee00000, 0x00000000d5580000)
  object space 1292288K, 99% used [0x0000000080000000,0x00000000cedbe058,0x00000000cee00000)
 Metaspace       used 103981K, committed 106560K, reserved 1179648K
  class space    used 10861K, committed 12032K, reserved 1048576K
}
Event: 11440.072 GC heap before
{Heap before GC invocations=3615 (full 6):
 PSYoungGen      total 5120K, used 5091K [0x00000000d5580000, 0x00000000d6080000, 0x0000000100000000)
  eden space 4096K, 99% used [0x00000000d5580000,0x00000000d597eb68,0x00000000d5980000)
  from space 1024K, 97% used [0x00000000d5980000,0x00000000d5a7a1c0,0x00000000d5a80000)
  to   space 3584K, 0% used [0x00000000d5d00000,0x00000000d5d00000,0x00000000d6080000)
 ParOldGen       total 1292288K, used 1292024K [0x0000000080000000, 0x00000000cee00000, 0x00000000d5580000)
  object space 1292288K, 99% used [0x0000000080000000,0x00000000cedbe058,0x00000000cee00000)
 Metaspace       used 103981K, committed 106560K, reserved 1179648K
  class space    used 10861K, committed 12032K, reserved 1048576K
}
Event: 11440.129 GC heap after
{Heap after GC invocations=3615 (full 6):
 PSYoungGen      total 4608K, used 160K [0x00000000d5580000, 0x00000000d5d80000, 0x0000000100000000)
  eden space 4096K, 0% used [0x00000000d5580000,0x00000000d5580000,0x00000000d5980000)
  from space 512K, 31% used [0x00000000d5d00000,0x00000000d5d28000,0x00000000d5d80000)
  to   space 1536K, 0% used [0x00000000d5a80000,0x00000000d5a80000,0x00000000d5c00000)
 ParOldGen       total 1292288K, used 1292040K [0x0000000080000000, 0x00000000cee00000, 0x00000000d5580000)
  object space 1292288K, 99% used [0x0000000080000000,0x00000000cedc2058,0x00000000cee00000)
 Metaspace       used 103981K, committed 106560K, reserved 1179648K
  class space    used 10861K, committed 12032K, reserved 1048576K
}
Event: 11444.536 GC heap before
{Heap before GC invocations=3616 (full 6):
 PSYoungGen      total 4608K, used 4256K [0x00000000d5580000, 0x00000000d5d80000, 0x0000000100000000)
  eden space 4096K, 100% used [0x00000000d5580000,0x00000000d5980000,0x00000000d5980000)
  from space 512K, 31% used [0x00000000d5d00000,0x00000000d5d28000,0x00000000d5d80000)
  to   space 1536K, 0% used [0x00000000d5a80000,0x00000000d5a80000,0x00000000d5c00000)
 ParOldGen       total 1292288K, used 1292040K [0x0000000080000000, 0x00000000cee00000, 0x00000000d5580000)
  object space 1292288K, 99% used [0x0000000080000000,0x00000000cedc2058,0x00000000cee00000)
 Metaspace       used 103981K, committed 106560K, reserved 1179648K
  class space    used 10861K, committed 12032K, reserved 1048576K
}
Event: 11444.540 GC heap after
{Heap after GC invocations=3616 (full 6):
 PSYoungGen      total 5632K, used 256K [0x00000000d5580000, 0x00000000d5d80000, 0x0000000100000000)
  eden space 4096K, 0% used [0x00000000d5580000,0x00000000d5580000,0x00000000d5980000)
  from space 1536K, 16% used [0x00000000d5a80000,0x00000000d5ac0000,0x00000000d5c00000)
  to   space 512K, 0% used [0x00000000d5d00000,0x00000000d5d00000,0x00000000d5d80000)
 ParOldGen       total 1292288K, used 1292040K [0x0000000080000000, 0x00000000cee00000, 0x00000000d5580000)
  object space 1292288K, 99% used [0x0000000080000000,0x00000000cedc2058,0x00000000cee00000)
 Metaspace       used 103981K, committed 106560K, reserved 1179648K
  class space    used 10861K, committed 12032K, reserved 1048576K
}
Event: 11450.073 GC heap before
{Heap before GC invocations=3617 (full 6):
 PSYoungGen      total 5632K, used 4352K [0x00000000d5580000, 0x00000000d5d80000, 0x0000000100000000)
  eden space 4096K, 100% used [0x00000000d5580000,0x00000000d5980000,0x00000000d5980000)
  from space 1536K, 16% used [0x00000000d5a80000,0x00000000d5ac0000,0x00000000d5c00000)
  to   space 512K, 0% used [0x00000000d5d00000,0x00000000d5d00000,0x00000000d5d80000)
 ParOldGen       total 1292288K, used 1292040K [0x0000000080000000, 0x00000000cee00000, 0x00000000d5580000)
  object space 1292288K, 99% used [0x0000000080000000,0x00000000cedc2058,0x00000000cee00000)
 Metaspace       used 103981K, committed 106560K, reserved 1179648K
  class space    used 10861K, committed 12032K, reserved 1048576K
}
Event: 11450.125 GC heap after
{Heap after GC invocations=3617 (full 6):
 PSYoungGen      total 4608K, used 416K [0x00000000d5580000, 0x00000000d5d80000, 0x0000000100000000)
  eden space 4096K, 0% used [0x00000000d5580000,0x00000000d5580000,0x00000000d5980000)
  from space 512K, 81% used [0x00000000d5d00000,0x00000000d5d68000,0x00000000d5d80000)
  to   space 512K, 0% used [0x00000000d5c80000,0x00000000d5c80000,0x00000000d5d00000)
 ParOldGen       total 1292288K, used 1292040K [0x0000000080000000, 0x00000000cee00000, 0x00000000d5580000)
  object space 1292288K, 99% used [0x0000000080000000,0x00000000cedc2058,0x00000000cee00000)
 Metaspace       used 103981K, committed 106560K, reserved 1179648K
  class space    used 10861K, committed 12032K, reserved 1048576K
}

Dll operation events (12 events):
Event: 0.022 Loaded shared library c:\Users\obasi\.vscode\extensions\redhat.java-1.54.0-win32-x64\jre\21.0.10-win32-x86_64\bin\java.dll
Event: 0.184 Loaded shared library c:\Users\obasi\.vscode\extensions\redhat.java-1.54.0-win32-x64\jre\21.0.10-win32-x86_64\bin\zip.dll
Event: 0.227 Loaded shared library C:\Users\obasi\.vscode\extensions\redhat.java-1.54.0-win32-x64\jre\21.0.10-win32-x86_64\bin\instrument.dll
Event: 0.238 Loaded shared library C:\Users\obasi\.vscode\extensions\redhat.java-1.54.0-win32-x64\jre\21.0.10-win32-x86_64\bin\net.dll
Event: 0.248 Loaded shared library C:\Users\obasi\.vscode\extensions\redhat.java-1.54.0-win32-x64\jre\21.0.10-win32-x86_64\bin\nio.dll
Event: 0.255 Loaded shared library C:\Users\obasi\.vscode\extensions\redhat.java-1.54.0-win32-x64\jre\21.0.10-win32-x86_64\bin\zip.dll
Event: 0.300 Loaded shared library C:\Users\obasi\.vscode\extensions\redhat.java-1.54.0-win32-x64\jre\21.0.10-win32-x86_64\bin\jimage.dll
Event: 0.537 Loaded shared library c:\Users\obasi\.vscode\extensions\redhat.java-1.54.0-win32-x64\jre\21.0.10-win32-x86_64\bin\verify.dll
Event: 18.478 Loaded shared library C:\Users\obasi\AppData\Roaming\Code\User\globalStorage\redhat.java\1.54.0\config_win\org.eclipse.equinox.launcher\org.eclipse.equinox.launcher.win32.win32.x86_64_1.3.0.v20260203-2149\eclipse_11919.dll
Event: 53.962 Loaded shared library C:\Users\obasi\AppData\Local\Temp\jna-105527236\jna11294103795595864143.dll
Event: 246.211 Loaded shared library C:\Users\obasi\.vscode\extensions\redhat.java-1.54.0-win32-x64\jre\21.0.10-win32-x86_64\bin\sunmscapi.dll
Event: 246.973 Loaded shared library C:\Users\obasi\.vscode\extensions\redhat.java-1.54.0-win32-x64\jre\21.0.10-win32-x86_64\bin\extnet.dll

Deoptimization events (20 events):
Event: 11270.981 Thread 0x000001cb4c553300 DEOPT PACKING pc=0x000001cb77a573c4 sp=0x000000110d4fe610
Event: 11270.982 Thread 0x000001cb4c553300 DEOPT UNPACKING pc=0x000001cb75a03aa2 sp=0x000000110d4fe658 mode 2
Event: 11270.982 Thread 0x000001cb4c553300 Uncommon trap: trap_request=0xffffffde fr.pc=0x000001cb77a4fd38 relative=0x0000000000000e18
Event: 11270.982 Thread 0x000001cb4c553300 Uncommon trap: reason=class_check action=maybe_recompile pc=0x000001cb77a4fd38 method=org.eclipse.jdt.internal.core.SourceMapper.getUnqualifiedMethodHandle(Lorg/eclipse/jdt/core/IMethod;Z)[Lorg/eclipse/jdt/core/IJavaElement; @ 3 c2
Event: 11270.982 Thread 0x000001cb4c553300 DEOPT PACKING pc=0x000001cb77a4fd38 sp=0x000000110d4fe5b0
Event: 11270.982 Thread 0x000001cb4c553300 DEOPT UNPACKING pc=0x000001cb75a03aa2 sp=0x000000110d4fe5b8 mode 2
Event: 11290.275 Thread 0x000001cb4c5525e0 Uncommon trap: trap_request=0xffffffde fr.pc=0x000001cb77a573c4 relative=0x00000000000017e4
Event: 11290.276 Thread 0x000001cb4c5525e0 Uncommon trap: reason=class_check action=maybe_recompile pc=0x000001cb77a573c4 method=org.eclipse.jdt.internal.core.SourceMapper.getMethodParameterNames(Lorg/eclipse/jdt/core/IMethod;)[[C @ 1 c2
Event: 11290.276 Thread 0x000001cb4c5525e0 DEOPT PACKING pc=0x000001cb77a573c4 sp=0x000000110d1fe3b0
Event: 11290.277 Thread 0x000001cb4c5525e0 DEOPT UNPACKING pc=0x000001cb75a03aa2 sp=0x000000110d1fe3f8 mode 2
Event: 11290.277 Thread 0x000001cb4c5525e0 Uncommon trap: trap_request=0xffffffde fr.pc=0x000001cb77a4fd38 relative=0x0000000000000e18
Event: 11290.277 Thread 0x000001cb4c5525e0 Uncommon trap: reason=class_check action=maybe_recompile pc=0x000001cb77a4fd38 method=org.eclipse.jdt.internal.core.SourceMapper.getUnqualifiedMethodHandle(Lorg/eclipse/jdt/core/IMethod;Z)[Lorg/eclipse/jdt/core/IJavaElement; @ 3 c2
Event: 11290.277 Thread 0x000001cb4c5525e0 DEOPT PACKING pc=0x000001cb77a4fd38 sp=0x000000110d1fe350
Event: 11290.278 Thread 0x000001cb4c5525e0 DEOPT UNPACKING pc=0x000001cb75a03aa2 sp=0x000000110d1fe358 mode 2
Event: 11293.045 Thread 0x000001cb4c5574a0 DEOPT PACKING pc=0x000001cb7105a882 sp=0x000000110e9fe590
Event: 11293.046 Thread 0x000001cb4c5574a0 DEOPT UNPACKING pc=0x000001cb75a04242 sp=0x000000110e9fda38 mode 0
Event: 11362.521 Thread 0x000001cb4c552c70 Uncommon trap: trap_request=0xffffff5c fr.pc=0x000001cb77b6bd50 relative=0x0000000000000350
Event: 11362.522 Thread 0x000001cb4c552c70 Uncommon trap: reason=speculate_null_check action=make_not_entrant pc=0x000001cb77b6bd50 method=java.util.Objects.hashCode(Ljava/lang/Object;)I @ 1 c2
Event: 11362.522 Thread 0x000001cb4c552c70 DEOPT PACKING pc=0x000001cb77b6bd50 sp=0x000000110d2fd8e0
Event: 11362.523 Thread 0x000001cb4c552c70 DEOPT UNPACKING pc=0x000001cb75a03aa2 sp=0x000000110d2fd640 mode 2

Classes loaded (20 events):
Event: 10751.698 Loading class sun/security/ssl/Alert$Level
Event: 10751.699 Loading class sun/security/ssl/Alert$Level done
Event: 10752.912 Loading class sun/security/ssl/PreSharedKeyExtension$PskIdentity
Event: 10752.914 Loading class sun/security/ssl/PreSharedKeyExtension$PskIdentity done
Event: 10752.916 Loading class sun/security/ssl/PreSharedKeyExtension$CHPreSharedKeySpec
Event: 10752.918 Loading class sun/security/ssl/PreSharedKeyExtension$CHPreSharedKeySpec done
Event: 10752.919 Loading class sun/security/ssl/PreSharedKeyExtension$PartialClientHelloMessage
Event: 10752.920 Loading class sun/security/ssl/PreSharedKeyExtension$PartialClientHelloMessage done
Event: 10752.933 Loading class sun/security/ssl/PreSharedKeyExtension$SHPreSharedKeySpec
Event: 10752.934 Loading class sun/security/ssl/PreSharedKeyExtension$SHPreSharedKeySpec done
Event: 10810.025 Loading class jdk/internal/module/IllegalAccessLogger
Event: 10810.025 Loading class jdk/internal/module/IllegalAccessLogger done
Event: 10834.435 Loading class jdk/internal/module/IllegalAccessLogger
Event: 10834.435 Loading class jdk/internal/module/IllegalAccessLogger done
Event: 11469.990 Loading class java/lang/Throwable$WrappedPrintWriter
Event: 11470.635 Loading class java/lang/Throwable$PrintStreamOrWriter
Event: 11470.783 Loading class java/lang/Throwable$PrintStreamOrWriter done
Event: 11470.783 Loading class java/lang/Throwable$WrappedPrintWriter done
Event: 11475.854 Loading class jdk/internal/reflect/MethodHandleByteFieldAccessorImpl
Event: 11476.547 Loading class jdk/internal/reflect/MethodHandleByteFieldAccessorImpl done

Classes unloaded (20 events):
Event: 378.391 Thread 0x000001cb7dcf14b0 Unloading class 0x000001cb057276f8 'org/apache/maven/shared/filtering/MavenReaderFilterRequest'
Event: 378.391 Thread 0x000001cb7dcf14b0 Unloading class 0x000001cb057273e0 'org/apache/maven/shared/filtering/MavenFileFilterRequest'
Event: 378.391 Thread 0x000001cb7dcf14b0 Unloading class 0x000001cb057271e0 'org/codehaus/plexus/interpolation/Interpolator'
Event: 378.391 Thread 0x000001cb7dcf14b0 Unloading class 0x000001cb05726fe0 'org/codehaus/plexus/interpolation/BasicInterpolator'
Event: 378.391 Thread 0x000001cb7dcf14b0 Unloading class 0x000001cb05726de0 'org/codehaus/plexus/interpolation/ValueSource'
Event: 378.391 Thread 0x000001cb7dcf14b0 Unloading class 0x000001cb05726a18 'org/apache/maven/shared/filtering/MavenResourcesExecution'
Event: 378.391 Thread 0x000001cb7dcf14b0 Unloading class 0x000001cb05726740 'org/apache/maven/shared/filtering/AbstractMavenFilteringRequest'
Event: 378.391 Thread 0x000001cb7dcf14b0 Unloading class 0x000001cb057264e0 'org/apache/maven/shared/filtering/MavenFilteringException'
Event: 378.391 Thread 0x000001cb7dcf14b0 Unloading class 0x000001cb05726290 'org/apache/maven/shared/filtering/DefaultMavenResourcesFiltering'
Event: 378.391 Thread 0x000001cb7dcf14b0 Unloading class 0x000001cb05725e00 'org/apache/maven/shared/filtering/MavenResourcesFiltering'
Event: 378.391 Thread 0x000001cb7dcf14b0 Unloading class 0x000001cb05726000 'org/apache/maven/shared/filtering/DefaultMavenReaderFilter'
Event: 378.391 Thread 0x000001cb7dcf14b0 Unloading class 0x000001cb05725c00 'org/apache/maven/shared/filtering/MavenReaderFilter'
Event: 378.391 Thread 0x000001cb7dcf14b0 Unloading class 0x000001cb05725960 'org/apache/maven/shared/filtering/DefaultMavenFileFilter'
Event: 378.391 Thread 0x000001cb7dcf14b0 Unloading class 0x000001cb05725710 'org/apache/maven/shared/filtering/BaseFilter'
Event: 378.391 Thread 0x000001cb7dcf14b0 Unloading class 0x000001cb05725510 'org/apache/maven/shared/filtering/MavenFileFilter'
Event: 378.391 Thread 0x000001cb7dcf14b0 Unloading class 0x000001cb05725310 'org/apache/maven/shared/filtering/DefaultFilterInfo'
Event: 378.391 Thread 0x000001cb7dcf14b0 Unloading class 0x000001cb05725000 'org/apache/maven/plugins/resources/TestResourcesMojo'
Event: 378.391 Thread 0x000001cb7dcf14b0 Unloading class 0x000001cb05724400 'org/apache/maven/plugins/maven_resources_plugin/HelpMojo'
Event: 378.391 Thread 0x000001cb7dcf14b0 Unloading class 0x000001cb05724b10 'org/apache/maven/plugins/resources/CopyResourcesMojo'
Event: 378.391 Thread 0x000001cb7dcf14b0 Unloading class 0x000001cb05724800 'org/apache/maven/plugins/resources/ResourcesMojo'

Classes redefined (0 events):
No events

Internal exceptions (20 events):
Event: 11421.059 Thread 0x000001cb4c553300 Exception <a 'sun/nio/fs/WindowsException'{0x00000000d5826aa8}> (0x00000000d5826aa8) 
thrown [s\src\hotspot\share\prims\jni.cpp, line 520]
Event: 11421.063 Thread 0x000001cb4c553300 Exception <a 'sun/nio/fs/WindowsException'{0x00000000d5827330}> (0x00000000d5827330) 
thrown [s\src\hotspot\share\prims\jni.cpp, line 520]
Event: 11421.676 Thread 0x000001cb4c553300 Exception <a 'sun/nio/fs/WindowsException'{0x00000000d5690050}> (0x00000000d5690050) 
thrown [s\src\hotspot\share\prims\jni.cpp, line 520]
Event: 11421.676 Thread 0x000001cb4c553300 Exception <a 'sun/nio/fs/WindowsException'{0x00000000d5690ab0}> (0x00000000d5690ab0) 
thrown [s\src\hotspot\share\prims\jni.cpp, line 520]
Event: 11430.248 Thread 0x000001cb4d302e70 Exception <a 'sun/nio/fs/WindowsException'{0x00000000d5589888}> (0x00000000d5589888) 
thrown [s\src\hotspot\share\prims\jni.cpp, line 520]
Event: 11430.249 Thread 0x000001cb4d302e70 Exception <a 'sun/nio/fs/WindowsException'{0x00000000d5589e30}> (0x00000000d5589e30) 
thrown [s\src\hotspot\share\prims\jni.cpp, line 520]
Event: 11430.265 Thread 0x000001cb4c559570 Exception <a 'sun/nio/fs/WindowsException'{0x00000000d55ac2c8}> (0x00000000d55ac2c8) 
thrown [s\src\hotspot\share\prims\jni.cpp, line 520]
Event: 11430.265 Thread 0x000001cb4c559570 Exception <a 'sun/nio/fs/WindowsException'{0x00000000d55acb98}> (0x00000000d55acb98) 
thrown [s\src\hotspot\share\prims\jni.cpp, line 520]
Event: 11438.005 Thread 0x000001cb4c553300 Exception <a 'sun/nio/fs/WindowsException'{0x00000000d5651530}> (0x00000000d5651530) 
thrown [s\src\hotspot\share\prims\jni.cpp, line 520]
Event: 11438.006 Thread 0x000001cb4c553300 Exception <a 'sun/nio/fs/WindowsException'{0x00000000d5651d48}> (0x00000000d5651d48) 
thrown [s\src\hotspot\share\prims\jni.cpp, line 520]
Event: 11438.007 Thread 0x000001cb4c553300 Exception <a 'sun/nio/fs/WindowsException'{0x00000000d5652c20}> (0x00000000d5652c20) 
thrown [s\src\hotspot\share\prims\jni.cpp, line 520]
Event: 11438.007 Thread 0x000001cb4c553300 Exception <a 'sun/nio/fs/WindowsException'{0x00000000d5653438}> (0x00000000d5653438) 
thrown [s\src\hotspot\share\prims\jni.cpp, line 520]
Event: 11438.015 Thread 0x000001cb4c553300 Exception <a 'sun/nio/fs/WindowsException'{0x00000000d565a818}> (0x00000000d565a818) 
thrown [s\src\hotspot\share\prims\jni.cpp, line 520]
Event: 11438.017 Thread 0x000001cb4c553300 Exception <a 'sun/nio/fs/WindowsException'{0x00000000d565ad80}> (0x00000000d565ad80) 
thrown [s\src\hotspot\share\prims\jni.cpp, line 520]
Event: 11438.054 Thread 0x000001cb4c553300 Exception <a 'sun/nio/fs/WindowsException'{0x00000000d5682158}> (0x00000000d5682158) 
thrown [s\src\hotspot\share\prims\jni.cpp, line 520]
Event: 11438.054 Thread 0x000001cb4c553300 Exception <a 'sun/nio/fs/WindowsException'{0x00000000d5682970}> (0x00000000d5682970) 
thrown [s\src\hotspot\share\prims\jni.cpp, line 520]
Event: 11438.354 Thread 0x000001cb4d614c30 Exception <a 'sun/nio/fs/WindowsException'{0x00000000d5927b80}> (0x00000000d5927b80) 
thrown [s\src\hotspot\share\prims\jni.cpp, line 520]
Event: 11438.354 Thread 0x000001cb4d614c30 Exception <a 'sun/nio/fs/WindowsException'{0x00000000d5928128}> (0x00000000d5928128) 
thrown [s\src\hotspot\share\prims\jni.cpp, line 520]
Event: 11451.759 Thread 0x000001cb49c388d0 Exception <a 'sun/nio/fs/WindowsException'{0x00000000d56d74d0}> (0x00000000d56d74d0) 
thrown [s\src\hotspot\share\prims\jni.cpp, line 520]
Event: 11451.760 Thread 0x000001cb49c388d0 Exception <a 'sun/nio/fs/WindowsException'{0x00000000d56d7a78}> (0x00000000d56d7a78) 
thrown [s\src\hotspot\share\prims\jni.cpp, line 520]

ZGC Phase Switch (0 events):
No events

VM Operations (20 events):
Event: 11438.992 Executing safepoint VM operation: ParallelGCFailedAllocation (Allocation Failure) done
Event: 11439.441 Executing safepoint VM operation: ParallelGCFailedAllocation (Allocation Failure)
Event: 11439.448 Executing safepoint VM operation: ParallelGCFailedAllocation (Allocation Failure) done
Event: 11440.072 Executing safepoint VM operation: ParallelGCFailedAllocation (Allocation Failure)
Event: 11440.129 Executing safepoint VM operation: ParallelGCFailedAllocation (Allocation Failure) done
Event: 11444.536 Executing safepoint VM operation: ParallelGCFailedAllocation (Allocation Failure)
Event: 11444.540 Executing safepoint VM operation: ParallelGCFailedAllocation (Allocation Failure) done
Event: 11449.855 Executing safepoint VM operation: ParallelGCFailedAllocation (Allocation Failure)
Event: 11450.125 Executing safepoint VM operation: ParallelGCFailedAllocation (Allocation Failure) done
Event: 11455.123 Executing non-safepoint VM operation: HandshakeAllThreads (HandshakeForDeflation)
Event: 11455.123 Executing non-safepoint VM operation: HandshakeAllThreads (HandshakeForDeflation) done
Event: 11455.123 Executing non-safepoint VM operation: RendezvousGCThreads
Event: 11455.123 Executing non-safepoint VM operation: RendezvousGCThreads done
Event: 11469.154 Executing safepoint VM operation: Cleanup
Event: 11469.691 Executing safepoint VM operation: Cleanup done
Event: 11471.716 Executing safepoint VM operation: Cleanup
Event: 11471.732 Executing safepoint VM operation: Cleanup done
Event: 11475.764 Executing safepoint VM operation: Cleanup
Event: 11475.796 Executing safepoint VM operation: Cleanup done
Event: 11476.803 Executing safepoint VM operation: Cleanup

Memory protections (0 events):
No events

Nmethod flushes (20 events):
Event: 378.687 Thread 0x000001cb7dcf14b0 flushing  nmethod 0x000001cb7090c110
Event: 378.687 Thread 0x000001cb7dcf14b0 flushing  nmethod 0x000001cb7097e010
Event: 378.687 Thread 0x000001cb7dcf14b0 flushing  nmethod 0x000001cb70987510
Event: 378.687 Thread 0x000001cb7dcf14b0 flushing  nmethod 0x000001cb709b9c10
Event: 378.687 Thread 0x000001cb7dcf14b0 flushing  nmethod 0x000001cb709e8490
Event: 378.687 Thread 0x000001cb7dcf14b0 flushing  nmethod 0x000001cb709ee510
Event: 378.687 Thread 0x000001cb7dcf14b0 flushing  nmethod 0x000001cb709f6c10
Event: 378.687 Thread 0x000001cb7dcf14b0 flushing  nmethod 0x000001cb709f8e10
Event: 378.687 Thread 0x000001cb7dcf14b0 flushing  nmethod 0x000001cb70a15510
Event: 378.687 Thread 0x000001cb7dcf14b0 flushing osr nmethod 0x000001cb70a6df10
Event: 378.688 Thread 0x000001cb7dcf14b0 flushing  nmethod 0x000001cb70a7ff90
Event: 378.688 Thread 0x000001cb7dcf14b0 flushing  nmethod 0x000001cb70a8c390
Event: 378.688 Thread 0x000001cb7dcf14b0 flushing  nmethod 0x000001cb70a8e190
Event: 378.688 Thread 0x000001cb7dcf14b0 flushing  nmethod 0x000001cb70a9af10
Event: 378.688 Thread 0x000001cb7dcf14b0 flushing  nmethod 0x000001cb70aa5990
Event: 378.688 Thread 0x000001cb7dcf14b0 flushing  nmethod 0x000001cb70aaa410
Event: 378.688 Thread 0x000001cb7dcf14b0 flushing  nmethod 0x000001cb70ab9a90
Event: 378.688 Thread 0x000001cb7dcf14b0 flushing  nmethod 0x000001cb70abc890
Event: 378.688 Thread 0x000001cb7dcf14b0 flushing  nmethod 0x000001cb70ae0690
Event: 378.688 Thread 0x000001cb7dcf14b0 flushing  nmethod 0x000001cb70aef710

Events (20 events):
Event: 11429.697 Thread 0x000001cb4d301ac0 Thread added: 0x000001cb4c558ee0
Event: 11429.959 Thread 0x000001cb4c558ee0 Thread added: 0x000001cb4c559570
Event: 11430.271 Thread 0x000001cb4c559570 Thread added: 0x000001cb49c388d0
Event: 11430.272 Thread 0x000001cb4d302e70 Thread added: 0x000001cb49c38f60
Event: 11437.540 Thread 0x000001cb4d305c60 Thread added: 0x000001cb4c963aa0
Event: 11437.732 Thread 0x000001cb49c38f60 Thread exited: 0x000001cb49c38f60
Event: 11437.807 Thread 0x000001cb4d301ac0 Thread added: 0x000001cb49c38f60
Event: 11437.808 Thread 0x000001cb4c558ee0 Thread added: 0x000001cb4dbe8b80
Event: 11437.919 Thread 0x000001cb49c38f60 Thread added: 0x000001cb4d614c30
Event: 11437.921 Thread 0x000001cb49c388d0 Thread exited: 0x000001cb49c388d0
Event: 11437.952 Thread 0x000001cb4dbe8b80 Thread exited: 0x000001cb4dbe8b80
Event: 11437.993 Thread 0x000001cb4c559570 Thread exited: 0x000001cb4c559570
Event: 11438.009 Thread 0x000001cb4c963aa0 Thread exited: 0x000001cb4c963aa0
Event: 11438.358 Thread 0x000001cb4d614c30 Thread added: 0x000001cb49c388d0
Event: 11438.463 Thread 0x000001cb4d302e70 Thread exited: 0x000001cb4d302e70
Event: 11445.426 Thread 0x000001cb49c38f60 Thread added: 0x000001cb4d302e70
Event: 11445.510 Thread 0x000001cb49c388d0 Thread exited: 0x000001cb49c388d0
Event: 11451.008 Thread 0x000001cb4d305c60 Thread added: 0x000001cb49c388d0
Event: 11451.800 Thread 0x000001cb49c388d0 Thread added: 0x000001cb4dbe8b80
Event: 11468.001 Thread 0x000001cb4c558ee0 Thread exited: 0x000001cb4c558ee0


Dynamic libraries:
0x00007ff635900000 - 0x00007ff63590e000 	c:\Users\obasi\.vscode\extensions\redhat.java-1.54.0-win32-x64\jre\21.0.10-win32-x86_64\bin\java.exe
0x00007ffda7de0000 - 0x00007ffda8046000 	C:\WINDOWS\SYSTEM32\ntdll.dll
0x00007ffda6b50000 - 0x00007ffda6c19000 	C:\WINDOWS\System32\KERNEL32.DLL
0x00007ffda5070000 - 0x00007ffda546a000 	C:\WINDOWS\System32\KERNELBASE.dll
0x00007ffda58c0000 - 0x00007ffda5a0c000 	C:\WINDOWS\System32\ucrtbase.dll
0x00007ffd60b00000 - 0x00007ffd60b18000 	c:\Users\obasi\.vscode\extensions\redhat.java-1.54.0-win32-x64\jre\21.0.10-win32-x86_64\bin\jli.dll
0x00007ffda65d0000 - 0x00007ffda6797000 	C:\WINDOWS\System32\USER32.dll
0x00007ffda57e0000 - 0x00007ffda5807000 	C:\WINDOWS\System32\win32u.dll
0x00007ffda7610000 - 0x00007ffda763b000 	C:\WINDOWS\System32\GDI32.dll
0x00007ffda5530000 - 0x00007ffda565b000 	C:\WINDOWS\System32\gdi32full.dll
0x00007ffda5810000 - 0x00007ffda58b3000 	C:\WINDOWS\System32\msvcp_win.dll
0x00007ffd36680000 - 0x00007ffd3669e000 	c:\Users\obasi\.vscode\extensions\redhat.java-1.54.0-win32-x64\jre\21.0.10-win32-x86_64\bin\VCRUNTIME140.dll
0x00007ffd90730000 - 0x00007ffd909c2000 	C:\WINDOWS\WinSxS\amd64_microsoft.windows.common-controls_6595b64144ccf1df_6.0.26100.8521_none_3e08b75ce33403b3\COMCTL32.dll
0x00007ffda77e0000 - 0x00007ffda7889000 	C:\WINDOWS\System32\msvcrt.dll
0x00007ffda62b0000 - 0x00007ffda62e2000 	C:\WINDOWS\System32\IMM32.DLL
0x00007ffd7b4c0000 - 0x00007ffd7b4cc000 	c:\Users\obasi\.vscode\extensions\redhat.java-1.54.0-win32-x64\jre\21.0.10-win32-x86_64\bin\vcruntime140_1.dll
0x00007ffd18a60000 - 0x00007ffd18aed000 	c:\Users\obasi\.vscode\extensions\redhat.java-1.54.0-win32-x64\jre\21.0.10-win32-x86_64\bin\msvcp140.dll
0x00007ffcb9bb0000 - 0x00007ffcba951000 	c:\Users\obasi\.vscode\extensions\redhat.java-1.54.0-win32-x64\jre\21.0.10-win32-x86_64\bin\server\jvm.dll
0x00007ffda7920000 - 0x00007ffda79d6000 	C:\WINDOWS\System32\ADVAPI32.dll
0x00007ffda6190000 - 0x00007ffda623a000 	C:\WINDOWS\System32\sechost.dll
0x00007ffda67f0000 - 0x00007ffda6908000 	C:\WINDOWS\System32\RPCRT4.dll
0x00007ffda5b50000 - 0x00007ffda5bd0000 	C:\WINDOWS\System32\WS2_32.dll
0x00007ffda4ef0000 - 0x00007ffda4f4e000 	C:\WINDOWS\SYSTEM32\POWRPROF.dll
0x00007ffd9d0a0000 - 0x00007ffd9d0d6000 	C:\WINDOWS\SYSTEM32\WINMM.dll
0x00007ffd9d0e0000 - 0x00007ffd9d0eb000 	C:\WINDOWS\SYSTEM32\VERSION.dll
0x00007ffda4ed0000 - 0x00007ffda4ee4000 	C:\WINDOWS\SYSTEM32\UMPDC.dll
0x00007ffda3e00000 - 0x00007ffda3e1b000 	C:\WINDOWS\SYSTEM32\kernel.appcore.dll
0x00007ffd77d90000 - 0x00007ffd77d9a000 	c:\Users\obasi\.vscode\extensions\redhat.java-1.54.0-win32-x64\jre\21.0.10-win32-x86_64\bin\jimage.dll
0x00007ffd99770000 - 0x00007ffd999b2000 	C:\WINDOWS\SYSTEM32\DBGHELP.DLL
0x00007ffda7a10000 - 0x00007ffda7d93000 	C:\WINDOWS\System32\combase.dll
0x00007ffda64d0000 - 0x00007ffda65a9000 	C:\WINDOWS\System32\OLEAUT32.dll
0x00007ffd77590000 - 0x00007ffd775cb000 	C:\WINDOWS\SYSTEM32\dbgcore.DLL
0x00007ffda5aa0000 - 0x00007ffda5b48000 	C:\WINDOWS\System32\bcryptPrimitives.dll
0x00007ffd6b220000 - 0x00007ffd6b22f000 	c:\Users\obasi\.vscode\extensions\redhat.java-1.54.0-win32-x64\jre\21.0.10-win32-x86_64\bin\instrument.dll
0x00007ffd36650000 - 0x00007ffd36670000 	c:\Users\obasi\.vscode\extensions\redhat.java-1.54.0-win32-x64\jre\21.0.10-win32-x86_64\bin\java.dll
0x00007ffda6e80000 - 0x00007ffda7604000 	C:\WINDOWS\System32\SHELL32.dll
0x00007ffda2c20000 - 0x00007ffda34a0000 	C:\WINDOWS\SYSTEM32\windows.storage.dll
0x00007ffda6c20000 - 0x00007ffda6d16000 	C:\WINDOWS\System32\SHCORE.dll
0x00007ffda6240000 - 0x00007ffda62a7000 	C:\WINDOWS\System32\shlwapi.dll
0x00007ffda4f90000 - 0x00007ffda4fb9000 	C:\WINDOWS\SYSTEM32\profapi.dll
0x00007ffd2d8b0000 - 0x00007ffd2d8c8000 	c:\Users\obasi\.vscode\extensions\redhat.java-1.54.0-win32-x64\jre\21.0.10-win32-x86_64\bin\zip.dll
0x00007ffd6abf0000 - 0x00007ffd6ac00000 	C:\Users\obasi\.vscode\extensions\redhat.java-1.54.0-win32-x64\jre\21.0.10-win32-x86_64\bin\net.dll
0x00007ffd9ab10000 - 0x00007ffd9ac39000 	C:\WINDOWS\SYSTEM32\WINHTTP.dll
0x00007ffda4370000 - 0x00007ffda43dc000 	C:\WINDOWS\system32\mswsock.dll
0x00007ffd21110000 - 0x00007ffd21126000 	C:\Users\obasi\.vscode\extensions\redhat.java-1.54.0-win32-x64\jre\21.0.10-win32-x86_64\bin\nio.dll
0x00007ffd61f30000 - 0x00007ffd61f40000 	c:\Users\obasi\.vscode\extensions\redhat.java-1.54.0-win32-x64\jre\21.0.10-win32-x86_64\bin\verify.dll
0x00007ffd14230000 - 0x00007ffd14275000 	C:\Users\obasi\AppData\Roaming\Code\User\globalStorage\redhat.java\1.54.0\config_win\org.eclipse.equinox.launcher\org.eclipse.equinox.launcher.win32.win32.x86_64_1.3.0.v20260203-2149\eclipse_11919.dll
0x00007ffda6910000 - 0x00007ffda6aa8000 	C:\WINDOWS\System32\ole32.dll
0x00007ffda4650000 - 0x00007ffda466b000 	C:\WINDOWS\SYSTEM32\CRYPTSP.dll
0x00007ffda3d60000 - 0x00007ffda3d99000 	C:\WINDOWS\system32\rsaenh.dll
0x00007ffda4420000 - 0x00007ffda4453000 	C:\WINDOWS\SYSTEM32\USERENV.dll
0x00007ffda4f60000 - 0x00007ffda4f8a000 	C:\WINDOWS\SYSTEM32\bcrypt.dll
0x00007ffda4670000 - 0x00007ffda467c000 	C:\WINDOWS\SYSTEM32\CRYPTBASE.dll
0x00007ffda37b0000 - 0x00007ffda37e3000 	C:\WINDOWS\SYSTEM32\IPHLPAPI.DLL
0x00007ffda6ab0000 - 0x00007ffda6aba000 	C:\WINDOWS\System32\NSI.dll
0x00007ffd10750000 - 0x00007ffd10799000 	C:\Users\obasi\AppData\Local\Temp\jna-105527236\jna11294103795595864143.dll
0x00007ffda5ce0000 - 0x00007ffda5ce8000 	C:\WINDOWS\System32\PSAPI.DLL
0x00007ffd9af40000 - 0x00007ffd9af5d000 	C:\WINDOWS\SYSTEM32\dhcpcsvc6.DLL
0x00007ffd9a9e0000 - 0x00007ffd9aa05000 	C:\WINDOWS\SYSTEM32\dhcpcsvc.DLL
0x00007ffda3f20000 - 0x00007ffda3f56000 	C:\WINDOWS\SYSTEM32\ntmarta.dll
0x00007ffd8ec70000 - 0x00007ffd8ec7e000 	C:\Users\obasi\.vscode\extensions\redhat.java-1.54.0-win32-x64\jre\21.0.10-win32-x86_64\bin\sunmscapi.dll
0x00007ffda5660000 - 0x00007ffda57d8000 	C:\WINDOWS\System32\CRYPT32.dll
0x00007ffda4870000 - 0x00007ffda48a0000 	C:\WINDOWS\SYSTEM32\ncrypt.dll
0x00007ffda4820000 - 0x00007ffda485f000 	C:\WINDOWS\SYSTEM32\NTASN1.dll
0x00007ffd77d80000 - 0x00007ffd77d88000 	C:\WINDOWS\system32\wshunix.dll
0x00007ffd8ec60000 - 0x00007ffd8ec69000 	C:\Users\obasi\.vscode\extensions\redhat.java-1.54.0-win32-x64\jre\21.0.10-win32-x86_64\bin\extnet.dll
0x00007ffda3840000 - 0x00007ffda398a000 	C:\WINDOWS\SYSTEM32\DNSAPI.dll
0x00007ffda4170000 - 0x00007ffda417d000 	C:\WINDOWS\SYSTEM32\DSPARSE.dll
0x00007ffd9cff0000 - 0x00007ffd9cffb000 	C:\Windows\System32\rasadhlp.dll
0x00007ffd992e0000 - 0x00007ffd99366000 	C:\WINDOWS\System32\fwpuclnt.dll

JVMTI agents:
c:\Users\obasi\.vscode\extensions\redhat.java-1.54.0-win32-x64\lombok\lombok-1.18.39-4050.jar path:c:\Users\obasi\.vscode\extensions\redhat.java-1.54.0-win32-x64\jre\21.0.10-win32-x86_64\bin\instrument.dll, loaded, initialized, instrumentlib options:none

dbghelp: loaded successfully - version: 4.0.5 - missing functions: none
symbol engine: initialized successfully - sym options: 0x614 - pdb path: .;c:\Users\obasi\.vscode\extensions\redhat.java-1.54.0-win32-x64\jre\21.0.10-win32-x86_64\bin;C:\WINDOWS\SYSTEM32;C:\WINDOWS\WinSxS\amd64_microsoft.windows.common-controls_6595b64144ccf1df_6.0.26100.8521_none_3e08b75ce33403b3;c:\Users\obasi\.vscode\extensions\redhat.java-1.54.0-win32-x64\jre\21.0.10-win32-x86_64\bin\server;C:\Users\obasi\AppData\Roaming\Code\User\globalStorage\redhat.java\1.54.0\config_win\org.eclipse.equinox.launcher\org.eclipse.equinox.launcher.win32.win32.x86_64_1.3.0.v20260203-2149;C:\Users\obasi\AppData\Local\Temp\jna-105527236

VM Arguments:
jvm_args: --add-modules=ALL-SYSTEM --add-opens=java.base/java.util=ALL-UNNAMED --add-opens=java.base/java.lang=ALL-UNNAMED --add-opens=java.base/sun.nio.fs=ALL-UNNAMED -Declipse.application=org.eclipse.jdt.ls.core.id1 -Dosgi.bundles.defaultStartLevel=4 -Declipse.product=org.eclipse.jdt.ls.core.product -Djava.import.generatesMetadataFilesAtProjectRoot=false -DDetectVMInstallationsJob.disabled=true -Dfile.encoding=utf8 -XX:+UseParallelGC -XX:GCTimeRatio=4 -XX:AdaptiveSizePolicyWeight=90 -Dsun.zip.disableMemoryMapping=true -Xmx2G -Xms100m -Xlog:disable -javaagent:c:\Users\obasi\.vscode\extensions\redhat.java-1.54.0-win32-x64\lombok\lombok-1.18.39-4050.jar -XX:+HeapDumpOnOutOfMemoryError -XX:HeapDumpPath=c:\Users\obasi\AppData\Roaming\Code\User\workspaceStorage\97da0fc8d5437ef1b49163d3a763b376\redhat.java -Daether.dependencyCollector.impl=bf 
java_command: c:\Users\obasi\.vscode\extensions\redhat.java-1.54.0-win32-x64\server\plugins\org.eclipse.equinox.launcher_1.7.100.v20251111-0406.jar -configuration c:\Users\obasi\AppData\Roaming\Code\User\globalStorage\redhat.java\1.54.0\config_win -data c:\Users\obasi\AppData\Roaming\Code\User\workspaceStorage\97da0fc8d5437ef1b49163d3a763b376\redhat.java\jdt_ws --pipe=\\.\pipe\lsp-db402af324adbfde988416e8ef304931-sock
java_class_path (initial): c:\Users\obasi\.vscode\extensions\redhat.java-1.54.0-win32-x64\server\plugins\org.eclipse.equinox.launcher_1.7.100.v20251111-0406.jar
Launcher Type: SUN_STANDARD

[Global flags]
    uintx AdaptiveSizePolicyWeight                 = 90                                        {product} {command line}
     intx CICompilerCount                          = 4                                         {product} {ergonomic}
    uintx GCTimeRatio                              = 4                                         {product} {command line}
     bool HeapDumpOnOutOfMemoryError               = true                                   {manageable} {command line}
    ccstr HeapDumpPath                             = c:\Users\obasi\AppData\Roaming\Code\User\workspaceStorage\97da0fc8d5437ef1b49163d3a763b376\redhat.java         {manageable} {command line}
   size_t InitialHeapSize                          = 104857600                                 {product} {command line}
   size_t MaxHeapSize                              = 2147483648                                {product} {command line}
   size_t MaxNewSize                               = 715653120                                 {product} {ergonomic}
   size_t MinHeapDeltaBytes                        = 524288                                    {product} {ergonomic}
   size_t MinHeapSize                              = 104857600                                 {product} {command line}
   size_t NewSize                                  = 34603008                                  {product} {ergonomic}
    uintx NonNMethodCodeHeapSize                   = 5839372                                {pd product} {ergonomic}
    uintx NonProfiledCodeHeapSize                  = 122909434                              {pd product} {ergonomic}
   size_t OldSize                                  = 70254592                                  {product} {ergonomic}
    uintx ProfiledCodeHeapSize                     = 122909434                              {pd product} {ergonomic}
    uintx ReservedCodeCacheSize                    = 251658240                              {pd product} {ergonomic}
     bool SegmentedCodeCache                       = true                                      {product} {ergonomic}
   size_t SoftMaxHeapSize                          = 2147483648                             {manageable} {ergonomic}
     bool UseCompressedOops                        = true                           {product lp64_product} {ergonomic}
     bool UseLargePagesIndividualAllocation        = false                                  {pd product} {ergonomic}
     bool UseParallelGC                            = true                                      {product} {command line}

Logging:
Log output configuration:
 #0: stdout all=off uptime,level,tags foldmultilines=false
 #1: stderr all=off uptime,level,tags foldmultilines=false

Release file:
JAVA_VERSION="21.0.10" 
MODULES="java.base java.compiler java.datatransfer java.xml java.prefs java.desktop java.instrument java.logging java.management java.security.sasl java.naming java.rmi java.management.rmi java.net.http java.scripting java.security.jgss java.transaction.xa java.sql java.sql.rowset java.xml.crypto java.se java.smartcardio jdk.accessibility jdk.internal.jvmstat jdk.attach jdk.charsets jdk.internal.opt jdk.zipfs jdk.compiler jdk.crypto.ec jdk.crypto.cryptoki jdk.crypto.mscapi jdk.dynalink jdk.internal.ed jdk.editpad jdk.hotspot.agent jdk.httpserver jdk.internal.le jdk.internal.vm.ci jdk.internal.vm.compiler jdk.internal.vm.compiler.management jdk.jartool jdk.javadoc jdk.jcmd jdk.management jdk.management.agent jdk.jconsole jdk.jdeps jdk.jdwp.agent jdk.jdi jdk.jfr jdk.jshell jdk.jsobject jdk.jstatd jdk.localedata jdk.management.jfr jdk.naming.dns jdk.naming.rmi jdk.net jdk.nio.mapmode jdk.random jdk.sctp jdk.security.auth jdk.security.jgss jdk.unsupported jdk.unsupported.desktop jdk.xml.dom" 

Environment Variables:
PATH=C:\Program Files\Common Files\Oracle\Java\javapath;C:\app\obasi\product\21c\dbhomeXE\bin;C:\ProgramData\Oracle\Java\javapath;C:\WINDOWS\system32;C:\WINDOWS;C:\WINDOWS\System32\Wbem;C:\WINDOWS\System32\WindowsPowerShell\v1.0\;C:\WINDOWS\System32\OpenSSH\;C:\Program Files\dotnet\;C:\Program Files\PuTTY\;C:\Program Files\Amazon\AWSCLIV2\;C:\Program Files\Docker\Docker\resources\bin;C:\Program Files\Git\cmd;C:\Users\obasi\AppData\Local\Programs\Python\Launcher\;C:\Users\obasi\AppData\Local\Microsoft\WindowsApps;C:\Users\obasi\AppData\Local\Programs\Microsoft VS Code\bin;C:\terraform.zip;C:\Users\obasi\AppData\Local\GitHubDesktop\bin;C:\Users\obasi\AppData\Local\Microsoft\WinGet\Links;
USERNAME=obasi
OS=Windows_NT
PROCESSOR_IDENTIFIER=AMD64 Family 23 Model 24 Stepping 1, AuthenticAMD
TMP=C:\Users\obasi\AppData\Local\Temp
TEMP=C:\Users\obasi\AppData\Local\Temp




Periodic native trim disabled

---------------  S Y S T E M  ---------------

OS:
 Windows 11 , 64 bit Build 26100 (10.0.26100.8521)
OS uptime: 0 days 6:01 hours
Hyper-V role detected

CPU: total 8 (initial active 8) (8 cores per cpu, 2 threads per core) family 23 model 24 stepping 1 microcode 0x810810e, cx8, cmov, fxsr, ht, mmx, 3dnowpref, sse, sse2, sse3, ssse3, sse4a, sse4.1, sse4.2, popcnt, lzcnt, tsc, tscinvbit, avx, avx2, aes, clmul, bmi1, bmi2, adx, sha, fma, vzeroupper, clflush, clflushopt, hv, rdtscp, f16c
Processor Information for the first 8 processors :
  Max Mhz: 2100, Current Mhz: 2100, Mhz Limit: 2100

Memory: 4k page, system-wide physical 6030M (455M free)
TotalPageFile size 24462M (AvailPageFile size 8M)
current process WorkingSet (physical memory assigned to process): 36M, peak: 793M
current process commit charge ("private bytes"): 1690M, peak: 1693M

vm_info: OpenJDK 64-Bit Server VM (21.0.10+7-LTS) for windows-amd64 JRE (21.0.10+7-LTS), built on 2026-01-20T00:00:00Z by "admin" with MS VC++ 17.12 (VS2022)

END.
